<!DOCTYPE html>

<html>
  <head>
  <meta charset='utf-8'>
  <title>TestNG reports</title>

    <link type="text/css" href="testng-reports.css" rel="stylesheet" />  
    <script type="text/javascript" src="jquery-1.7.1.min.js"></script>
    <script type="text/javascript" src="testng-reports.js"></script>
    <script type="text/javascript" src="https://www.google.com/jsapi"></script>
    <script type='text/javascript'>
      google.load('visualization', '1', {packages:['table']});
      google.setOnLoadCallback(drawTable);
      var suiteTableInitFunctions = new Array();
      var suiteTableData = new Array();
    </script>
    <!--
      <script type="text/javascript" src="jquery-ui/js/jquery-ui-1.8.16.custom.min.js"></script>
     -->
  </head>

  <body>
    <div class="top-banner-root">
      <span class="top-banner-title-font">Test results</span>
      <br/>
      <span class="top-banner-font-1">1 suite, 5 failed tests</span>
    </div> <!-- top-banner-root -->
    <div class="navigator-root">
      <div class="navigator-suite-header">
        <span>All suites</span>
        <a href="#" class="collapse-all-link" title="Collapse/expand all the suites">
          <img class="collapse-all-icon" src="collapseall.gif">
          </img> <!-- collapse-all-icon -->
        </a> <!-- collapse-all-link -->
      </div> <!-- navigator-suite-header -->
      <div class="suite">
        <div class="rounded-window">
          <div class="suite-header light-rounded-window-top">
            <a href="#" class="navigator-link" panel-name="suite-Default_suite">
              <span class="suite-name border-failed">Default suite</span>
            </a> <!-- navigator-link -->
          </div> <!-- suite-header light-rounded-window-top -->
          <div class="navigator-suite-content">
            <div class="suite-section-title">
              <span>Info</span>
            </div> <!-- suite-section-title -->
            <div class="suite-section-content">
              <ul>
                <li>
                  <a href="#" class="navigator-link " panel-name="test-xml-Default_suite">
                    <span>C:\Users\121\AppData\Local\Temp\testng-eclipse-1723504516\testng-customsuite.xml</span>
                  </a> <!-- navigator-link  -->
                </li>
                <li>
                  <a href="#" class="navigator-link " panel-name="testlist-Default_suite">
                    <span class="test-stats">1 test</span>
                  </a> <!-- navigator-link  -->
                </li>
                <li>
                  <a href="#" class="navigator-link " panel-name="group-Default_suite">
                    <span>1 group</span>
                  </a> <!-- navigator-link  -->
                </li>
                <li>
                  <a href="#" class="navigator-link " panel-name="times-Default_suite">
                    <span>Times</span>
                  </a> <!-- navigator-link  -->
                </li>
                <li>
                  <a href="#" class="navigator-link " panel-name="reporter-Default_suite">
                    <span>Reporter output</span>
                  </a> <!-- navigator-link  -->
                </li>
                <li>
                  <a href="#" class="navigator-link " panel-name="ignored-methods-Default_suite">
                    <span>Ignored methods</span>
                  </a> <!-- navigator-link  -->
                </li>
                <li>
                  <a href="#" class="navigator-link " panel-name="chronological-Default_suite">
                    <span>Chronological view</span>
                  </a> <!-- navigator-link  -->
                </li>
              </ul>
            </div> <!-- suite-section-content -->
            <div class="result-section">
              <div class="suite-section-title">
                <span>Results</span>
              </div> <!-- suite-section-title -->
              <div class="suite-section-content">
                <ul>
                  <li>
                    <span class="method-stats">27 methods, 5 failed,   22 passed</span>
                  </li>
                  <li>
                    <span class="method-list-title failed">Failed methods</span>
                    <span class="show-or-hide-methods failed">
                      <a href="#" panel-name="suite-Default_suite" class="hide-methods failed suite-Default_suite"> (hide)</a> <!-- hide-methods failed suite-Default_suite -->
                      <a href="#" panel-name="suite-Default_suite" class="show-methods failed suite-Default_suite"> (show)</a> <!-- show-methods failed suite-Default_suite -->
                    </span>
                    <div class="method-list-content failed suite-Default_suite">
                      <span>
                        <img width="3%" src="failed.png"/>
                        <a href="#" class="method navigator-link" panel-name="suite-Default_suite" title="com.Cogniphy.Protection.Muthoot.TestSuites.ReportsSiute" hash-for-method="ERT_SUMM_09_Verify_ReportTitle">ERT_SUMM_09_Verify_ReportTitle</a> <!-- method navigator-link -->
                      </span>
                      <br/>
                      <span>
                        <img width="3%" src="failed.png"/>
                        <a href="#" class="method navigator-link" panel-name="suite-Default_suite" title="com.Cogniphy.Protection.Muthoot.TestSuites.ReportsSiute" hash-for-method="ERT_SUMM_16_Verify_ERTColumn">ERT_SUMM_16_Verify_ERTColumn</a> <!-- method navigator-link -->
                      </span>
                      <br/>
                      <span>
                        <img width="3%" src="failed.png"/>
                        <a href="#" class="method navigator-link" panel-name="suite-Default_suite" title="com.Cogniphy.Protection.Muthoot.TestSuites.ReportsSiute" hash-for-method="ERT_SUMM_33_34_Verify_KM_coveredIn_ADT">ERT_SUMM_33_34_Verify_KM_coveredIn_ADT</a> <!-- method navigator-link -->
                      </span>
                      <br/>
                      <span>
                        <img width="3%" src="failed.png"/>
                        <a href="#" class="method navigator-link" panel-name="suite-Default_suite" title="com.Cogniphy.Protection.Muthoot.TestSuites.ReportsSiute" hash-for-method="ERT_SUMM_35_Validate_Total_KM_run_by_ERT">ERT_SUMM_35_Validate_Total_KM_run_by_ERT</a> <!-- method navigator-link -->
                      </span>
                      <br/>
                      <span>
                        <img width="3%" src="failed.png"/>
                        <a href="#" class="method navigator-link" panel-name="suite-Default_suite" title="com.Cogniphy.Protection.Muthoot.TestSuites.ReportsSiute" hash-for-method="ERT_SUMM_46_Validate_total_Count">ERT_SUMM_46_Validate_total_Count</a> <!-- method navigator-link -->
                      </span>
                      <br/>
                    </div> <!-- method-list-content failed suite-Default_suite -->
                  </li>
                  <li>
                    <span class="method-list-title passed">Passed methods</span>
                    <span class="show-or-hide-methods passed">
                      <a href="#" panel-name="suite-Default_suite" class="hide-methods passed suite-Default_suite"> (hide)</a> <!-- hide-methods passed suite-Default_suite -->
                      <a href="#" panel-name="suite-Default_suite" class="show-methods passed suite-Default_suite"> (show)</a> <!-- show-methods passed suite-Default_suite -->
                    </span>
                    <div class="method-list-content passed suite-Default_suite">
                      <span>
                        <img width="3%" src="passed.png"/>
                        <a href="#" class="method navigator-link" panel-name="suite-Default_suite" title="com.Cogniphy.Protection.Muthoot.TestSuites.ReportsSiute" hash-for-method="ERT_SUMM_01_Verify_HomePage">ERT_SUMM_01_Verify_HomePage</a> <!-- method navigator-link -->
                      </span>
                      <br/>
                      <span>
                        <img width="3%" src="passed.png"/>
                        <a href="#" class="method navigator-link" panel-name="suite-Default_suite" title="com.Cogniphy.Protection.Muthoot.TestSuites.ReportsSiute" hash-for-method="ERT_SUMM_02_Verify_the_Reports_menu_on_top_bar">ERT_SUMM_02_Verify_the_Reports_menu_on_top_bar</a> <!-- method navigator-link -->
                      </span>
                      <br/>
                      <span>
                        <img width="3%" src="passed.png"/>
                        <a href="#" class="method navigator-link" panel-name="suite-Default_suite" title="com.Cogniphy.Protection.Muthoot.TestSuites.ReportsSiute" hash-for-method="ERT_SUMM_03_Verify_the_ERT_summary_report_page">ERT_SUMM_03_Verify_the_ERT_summary_report_page</a> <!-- method navigator-link -->
                      </span>
                      <br/>
                      <span>
                        <img width="3%" src="passed.png"/>
                        <a href="#" class="method navigator-link" panel-name="suite-Default_suite" title="com.Cogniphy.Protection.Muthoot.TestSuites.ReportsSiute" hash-for-method="ERT_SUMM_04_Verify_DateEntry_Manually">ERT_SUMM_04_Verify_DateEntry_Manually</a> <!-- method navigator-link -->
                      </span>
                      <br/>
                      <span>
                        <img width="3%" src="passed.png"/>
                        <a href="#" class="method navigator-link" panel-name="suite-Default_suite" title="com.Cogniphy.Protection.Muthoot.TestSuites.ReportsSiute" hash-for-method="ERT_SUMM_05_Verify_DateFiter_For_FutureDates">ERT_SUMM_05_Verify_DateFiter_For_FutureDates</a> <!-- method navigator-link -->
                      </span>
                      <br/>
                      <span>
                        <img width="3%" src="passed.png"/>
                        <a href="#" class="method navigator-link" panel-name="suite-Default_suite" title="com.Cogniphy.Protection.Muthoot.TestSuites.ReportsSiute" hash-for-method="ERT_SUMM_06_Verify_DateFiter_For_Morethan_90days">ERT_SUMM_06_Verify_DateFiter_For_Morethan_90days</a> <!-- method navigator-link -->
                      </span>
                      <br/>
                      <span>
                        <img width="3%" src="passed.png"/>
                        <a href="#" class="method navigator-link" panel-name="suite-Default_suite" title="com.Cogniphy.Protection.Muthoot.TestSuites.ReportsSiute" hash-for-method="ERT_SUMM_07_Verify_ClientFilter">ERT_SUMM_07_Verify_ClientFilter</a> <!-- method navigator-link -->
                      </span>
                      <br/>
                      <span>
                        <img width="3%" src="passed.png"/>
                        <a href="#" class="method navigator-link" panel-name="suite-Default_suite" title="com.Cogniphy.Protection.Muthoot.TestSuites.ReportsSiute" hash-for-method="ERT_SUMM_08_Verify_SessionFilter">ERT_SUMM_08_Verify_SessionFilter</a> <!-- method navigator-link -->
                      </span>
                      <br/>
                      <span>
                        <img width="3%" src="passed.png"/>
                        <a href="#" class="method navigator-link" panel-name="suite-Default_suite" title="com.Cogniphy.Protection.Muthoot.TestSuites.ReportsSiute" hash-for-method="ERT_SUMM_10_Verify_TitleRow">ERT_SUMM_10_Verify_TitleRow</a> <!-- method navigator-link -->
                      </span>
                      <br/>
                      <span>
                        <img width="3%" src="passed.png"/>
                        <a href="#" class="method navigator-link" panel-name="suite-Default_suite" title="com.Cogniphy.Protection.Muthoot.TestSuites.ReportsSiute" hash-for-method="ERT_SUMM_17_Validate_ERT_count">ERT_SUMM_17_Validate_ERT_count</a> <!-- method navigator-link -->
                      </span>
                      <br/>
                      <span>
                        <img width="3%" src="passed.png"/>
                        <a href="#" class="method navigator-link" panel-name="suite-Default_suite" title="com.Cogniphy.Protection.Muthoot.TestSuites.ReportsSiute" hash-for-method="ERT_SUMM_18_Verify_ReportAt_TimeFormat">ERT_SUMM_18_Verify_ReportAt_TimeFormat</a> <!-- method navigator-link -->
                      </span>
                      <br/>
                      <span>
                        <img width="3%" src="passed.png"/>
                        <a href="#" class="method navigator-link" panel-name="suite-Default_suite" title="com.Cogniphy.Protection.Muthoot.TestSuites.ReportsSiute" hash-for-method="ERT_SUMM_19_Validate_the_ERT_Reported_AT_Column">ERT_SUMM_19_Validate_the_ERT_Reported_AT_Column</a> <!-- method navigator-link -->
                      </span>
                      <br/>
                      <span>
                        <img width="3%" src="passed.png"/>
                        <a href="#" class="method navigator-link" panel-name="suite-Default_suite" title="com.Cogniphy.Protection.Muthoot.TestSuites.ReportsSiute" hash-for-method="ERT_SUMM_20_Validate_ReportAt_with_GaurdCheckList_ReportTime">ERT_SUMM_20_Validate_ReportAt_with_GaurdCheckList_ReportTime</a> <!-- method navigator-link -->
                      </span>
                      <br/>
                      <span>
                        <img width="3%" src="passed.png"/>
                        <a href="#" class="method navigator-link" panel-name="suite-Default_suite" title="com.Cogniphy.Protection.Muthoot.TestSuites.ReportsSiute" hash-for-method="ERT_SUMM_21_22_Validate_No_of_the_branches_visited_column">ERT_SUMM_21_22_Validate_No_of_the_branches_visited_column</a> <!-- method navigator-link -->
                      </span>
                      <br/>
                      <span>
                        <img width="3%" src="passed.png"/>
                        <a href="#" class="method navigator-link" panel-name="suite-Default_suite" title="com.Cogniphy.Protection.Muthoot.TestSuites.ReportsSiute" hash-for-method="ERT_SUMM_27_Validate_ADTRecived_Time">ERT_SUMM_27_Validate_ADTRecived_Time</a> <!-- method navigator-link -->
                      </span>
                      <br/>
                      <span>
                        <img width="3%" src="passed.png"/>
                        <a href="#" class="method navigator-link" panel-name="suite-Default_suite" title="com.Cogniphy.Protection.Muthoot.TestSuites.ReportsSiute" hash-for-method="ERT_SUMM_31_Verify_timeOf_Arrival_At_destination">ERT_SUMM_31_Verify_timeOf_Arrival_At_destination</a> <!-- method navigator-link -->
                      </span>
                      <br/>
                      <span>
                        <img width="3%" src="passed.png"/>
                        <a href="#" class="method navigator-link" panel-name="suite-Default_suite" title="com.Cogniphy.Protection.Muthoot.TestSuites.ReportsSiute" hash-for-method="ERT_SUMM_32_Verify_Total_responding_Time">ERT_SUMM_32_Verify_Total_responding_Time</a> <!-- method navigator-link -->
                      </span>
                      <br/>
                      <span>
                        <img width="3%" src="passed.png"/>
                        <a href="#" class="method navigator-link" panel-name="suite-Default_suite" title="com.Cogniphy.Protection.Muthoot.TestSuites.ReportsSiute" hash-for-method="ERT_SUMM_37_38_Validate_the_ERT_Relieving_Time_column">ERT_SUMM_37_38_Validate_the_ERT_Relieving_Time_column</a> <!-- method navigator-link -->
                      </span>
                      <br/>
                      <span>
                        <img width="3%" src="passed.png"/>
                        <a href="#" class="method navigator-link" panel-name="suite-Default_suite" title="com.Cogniphy.Protection.Muthoot.TestSuites.ReportsSiute" hash-for-method="ERT_SUMM_39_Verify_the_Irregularities_column">ERT_SUMM_39_Verify_the_Irregularities_column</a> <!-- method navigator-link -->
                      </span>
                      <br/>
                      <span>
                        <img width="3%" src="passed.png"/>
                        <a href="#" class="method navigator-link" panel-name="suite-Default_suite" title="com.Cogniphy.Protection.Muthoot.TestSuites.ReportsSiute" hash-for-method="ERT_SUMM_40_Verify_Action_taken_by_ERT_and_RCR_Column">ERT_SUMM_40_Verify_Action_taken_by_ERT_and_RCR_Column</a> <!-- method navigator-link -->
                      </span>
                      <br/>
                      <span>
                        <img width="3%" src="passed.png"/>
                        <a href="#" class="method navigator-link" panel-name="suite-Default_suite" title="com.Cogniphy.Protection.Muthoot.TestSuites.ReportsSiute" hash-for-method="ERT_SUMM_41_42_Verify_Action_taken_by_ERT_and_RCR_Column">ERT_SUMM_41_42_Verify_Action_taken_by_ERT_and_RCR_Column</a> <!-- method navigator-link -->
                      </span>
                      <br/>
                      <span>
                        <img width="3%" src="passed.png"/>
                        <a href="#" class="method navigator-link" panel-name="suite-Default_suite" title="com.Cogniphy.Protection.Muthoot.TestSuites.ReportsSiute" hash-for-method="ERT_SUMM_43_44_45_Validate_odometer_Values">ERT_SUMM_43_44_45_Validate_odometer_Values</a> <!-- method navigator-link -->
                      </span>
                      <br/>
                    </div> <!-- method-list-content passed suite-Default_suite -->
                  </li>
                </ul>
              </div> <!-- suite-section-content -->
            </div> <!-- result-section -->
          </div> <!-- navigator-suite-content -->
        </div> <!-- rounded-window -->
      </div> <!-- suite -->
    </div> <!-- navigator-root -->
    <div class="wrapper">
      <div class="main-panel-root">
        <div panel-name="suite-Default_suite" class="panel Default_suite">
          <div class="suite-Default_suite-class-failed">
            <div class="main-panel-header rounded-window-top">
              <img src="failed.png"/>
              <span class="class-name">com.Cogniphy.Protection.Muthoot.TestSuites.ReportsSiute</span>
            </div> <!-- main-panel-header rounded-window-top -->
            <div class="main-panel-content rounded-window-bottom">
              <div class="method">
                <div class="method-content">
                  <a name="ERT_SUMM_09_Verify_ReportTitle">
                  </a> <!-- ERT_SUMM_09_Verify_ReportTitle -->
                  <span class="method-name">ERT_SUMM_09_Verify_ReportTitle</span>
                  <div class="stack-trace">java.lang.AssertionError: Does Not Match expected [ERT ACTION REPORT SUMMARY OF RCR MUTHOOT KOCHI - RCR REGION ON 18 DEC 2017 Morning ERT] but found [2018-03-05 Morning ERT]
	at org.testng.Assert.fail(Assert.java:94)
	at org.testng.Assert.failNotEquals(Assert.java:513)
	at org.testng.Assert.assertEqualsImpl(Assert.java:135)
	at org.testng.Assert.assertEquals(Assert.java:116)
	at org.testng.Assert.assertEquals(Assert.java:190)
	at com.Cogniphy.Protection.Muthoot.Reports.ERTSummay_Report.verifyReportTitle(ERTSummay_Report.java:44)
	at com.Cogniphy.Protection.Muthoot.TestSuites.ReportsSiute.ERT_SUMM_09_Verify_ReportTitle(ReportsSiute.java:91)
	at sun.reflect.NativeMethodAccessorImpl.invoke0(Native Method)
	at sun.reflect.NativeMethodAccessorImpl.invoke(Unknown Source)
	at sun.reflect.DelegatingMethodAccessorImpl.invoke(Unknown Source)
	at java.lang.reflect.Method.invoke(Unknown Source)
	at org.testng.internal.MethodInvocationHelper.invokeMethod(MethodInvocationHelper.java:86)
	at org.testng.internal.Invoker.invokeMethod(Invoker.java:643)
	at org.testng.internal.Invoker.invokeTestMethod(Invoker.java:820)
	at org.testng.internal.Invoker.invokeTestMethods(Invoker.java:1128)
	at org.testng.internal.TestMethodWorker.invokeTestMethods(TestMethodWorker.java:129)
	at org.testng.internal.TestMethodWorker.run(TestMethodWorker.java:112)
	at org.testng.TestRunner.privateRun(TestRunner.java:782)
	at org.testng.TestRunner.run(TestRunner.java:632)
	at org.testng.SuiteRunner.runTest(SuiteRunner.java:366)
	at org.testng.SuiteRunner.runSequentially(SuiteRunner.java:361)
	at org.testng.SuiteRunner.privateRun(SuiteRunner.java:319)
	at org.testng.SuiteRunner.run(SuiteRunner.java:268)
	at org.testng.SuiteRunnerWorker.runSuite(SuiteRunnerWorker.java:52)
	at org.testng.SuiteRunnerWorker.run(SuiteRunnerWorker.java:86)
	at org.testng.TestNG.runSuitesSequentially(TestNG.java:1244)
	at org.testng.TestNG.runSuitesLocally(TestNG.java:1169)
	at org.testng.TestNG.run(TestNG.java:1064)
	at org.testng.remote.AbstractRemoteTestNG.run(AbstractRemoteTestNG.java:114)
	at org.testng.remote.RemoteTestNG.initAndRun(RemoteTestNG.java:251)
	at org.testng.remote.RemoteTestNG.main(RemoteTestNG.java:77)

</div> <!-- stack-trace -->
                </div> <!-- method-content -->
              </div> <!-- method -->
              <div class="method">
                <div class="method-content">
                  <a name="ERT_SUMM_16_Verify_ERTColumn">
                  </a> <!-- ERT_SUMM_16_Verify_ERTColumn -->
                  <span class="method-name">ERT_SUMM_16_Verify_ERTColumn</span>
                  <div class="stack-trace">org.openqa.selenium.StaleElementReferenceException: stale element reference: element is not attached to the page document
  (Session info: chrome=64.0.3282.186)
  (Driver info: chromedriver=2.33.506120 (e3e53437346286c0bc2d2dc9aa4915ba81d9023f),platform=Windows NT 6.3.9600 x86_64) (WARNING: The server did not provide any stacktrace information)
Command duration or timeout: 0 milliseconds
For documentation on this error, please visit: http://seleniumhq.org/exceptions/stale_element_reference.html
Build info: version: &apos;3.8.1&apos;, revision: &apos;6e95a6684b&apos;, time: &apos;2017-12-01T18:33:54.468Z&apos;
System info: host: &apos;USER&apos;, ip: &apos;192.168.2.109&apos;, os.name: &apos;Windows 8.1&apos;, os.arch: &apos;amd64&apos;, os.version: &apos;6.3&apos;, java.version: &apos;1.8.0_91&apos;
Driver info: org.openqa.selenium.chrome.ChromeDriver
Capabilities {acceptSslCerts: true, applicationCacheEnabled: false, browserConnectionEnabled: false, browserName: chrome, chrome: {chromedriverVersion: 2.33.506120 (e3e53437346286..., userDataDir: C:\Users\121\AppData\Local\...}, cssSelectorsEnabled: true, databaseEnabled: false, handlesAlerts: true, hasTouchScreen: false, javascriptEnabled: true, locationContextEnabled: true, mobileEmulationEnabled: false, nativeEvents: true, networkConnectionEnabled: false, pageLoadStrategy: normal, platform: XP, platformName: XP, rotatable: false, setWindowRect: true, takesHeapSnapshot: true, takesScreenshot: true, unexpectedAlertBehaviour: , unhandledPromptBehavior: , version: 64.0.3282.186, webStorageEnabled: true}
Session ID: 8dbba936c255816e9b354797745ed300
	at sun.reflect.NativeConstructorAccessorImpl.newInstance0(Native Method)
	at sun.reflect.NativeConstructorAccessorImpl.newInstance(Unknown Source)
	at sun.reflect.DelegatingConstructorAccessorImpl.newInstance(Unknown Source)
	at java.lang.reflect.Constructor.newInstance(Unknown Source)
	at org.openqa.selenium.remote.ErrorHandler.createThrowable(ErrorHandler.java:214)
	at org.openqa.selenium.remote.ErrorHandler.throwIfResponseFailed(ErrorHandler.java:166)
	at org.openqa.selenium.remote.http.JsonHttpResponseCodec.reconstructValue(JsonHttpResponseCodec.java:40)
	at org.openqa.selenium.remote.http.AbstractHttpResponseCodec.decode(AbstractHttpResponseCodec.java:80)
	at org.openqa.selenium.remote.http.AbstractHttpResponseCodec.decode(AbstractHttpResponseCodec.java:44)
	at org.openqa.selenium.remote.HttpCommandExecutor.execute(HttpCommandExecutor.java:164)
	at org.openqa.selenium.remote.service.DriverCommandExecutor.execute(DriverCommandExecutor.java:83)
	at org.openqa.selenium.remote.RemoteWebDriver.execute(RemoteWebDriver.java:601)
	at org.openqa.selenium.remote.RemoteWebElement.execute(RemoteWebElement.java:279)
	at org.openqa.selenium.remote.RemoteWebElement.getText(RemoteWebElement.java:160)
	at com.Cogniphy.Protection.Muthoot.Reports.ERTSummay_Report.namesFrom_Application(ERTSummay_Report.java:380)
	at com.Cogniphy.Protection.Muthoot.Reports.ERTSummay_Report.verifyAll_ERTs(ERTSummay_Report.java:388)
	at com.Cogniphy.Protection.Muthoot.TestSuites.ReportsSiute.ERT_SUMM_16_Verify_ERTColumn(ReportsSiute.java:101)
	at sun.reflect.NativeMethodAccessorImpl.invoke0(Native Method)
	at sun.reflect.NativeMethodAccessorImpl.invoke(Unknown Source)
	at sun.reflect.DelegatingMethodAccessorImpl.invoke(Unknown Source)
	at java.lang.reflect.Method.invoke(Unknown Source)
	at org.testng.internal.MethodInvocationHelper.invokeMethod(MethodInvocationHelper.java:86)
	at org.testng.internal.Invoker.invokeMethod(Invoker.java:643)
	at org.testng.internal.Invoker.invokeTestMethod(Invoker.java:820)
	at org.testng.internal.Invoker.invokeTestMethods(Invoker.java:1128)
	at org.testng.internal.TestMethodWorker.invokeTestMethods(TestMethodWorker.java:129)
	at org.testng.internal.TestMethodWorker.run(TestMethodWorker.java:112)
	at org.testng.TestRunner.privateRun(TestRunner.java:782)
	at org.testng.TestRunner.run(TestRunner.java:632)
	at org.testng.SuiteRunner.runTest(SuiteRunner.java:366)
	at org.testng.SuiteRunner.runSequentially(SuiteRunner.java:361)
	at org.testng.SuiteRunner.privateRun(SuiteRunner.java:319)
	at org.testng.SuiteRunner.run(SuiteRunner.java:268)
	at org.testng.SuiteRunnerWorker.runSuite(SuiteRunnerWorker.java:52)
	at org.testng.SuiteRunnerWorker.run(SuiteRunnerWorker.java:86)
	at org.testng.TestNG.runSuitesSequentially(TestNG.java:1244)
	at org.testng.TestNG.runSuitesLocally(TestNG.java:1169)
	at org.testng.TestNG.run(TestNG.java:1064)
	at org.testng.remote.AbstractRemoteTestNG.run(AbstractRemoteTestNG.java:114)
	at org.testng.remote.RemoteTestNG.initAndRun(RemoteTestNG.java:251)
	at org.testng.remote.RemoteTestNG.main(RemoteTestNG.java:77)

</div> <!-- stack-trace -->
                </div> <!-- method-content -->
              </div> <!-- method -->
              <div class="method">
                <div class="method-content">
                  <a name="ERT_SUMM_33_34_Verify_KM_coveredIn_ADT">
                  </a> <!-- ERT_SUMM_33_34_Verify_KM_coveredIn_ADT -->
                  <span class="method-name">ERT_SUMM_33_34_Verify_KM_coveredIn_ADT</span>
                  <div class="stack-trace">java.lang.NumberFormatException: For input string: &quot;&quot;
	at java.lang.NumberFormatException.forInputString(Unknown Source)
	at java.lang.Integer.parseInt(Unknown Source)
	at java.lang.Integer.parseInt(Unknown Source)
	at com.Cogniphy.Protection.Muthoot.Reports.ERTSummay_Report.verifyKMCovered(ERTSummay_Report.java:128)
	at com.Cogniphy.Protection.Muthoot.TestSuites.ReportsSiute.ERT_SUMM_33_34_Verify_KM_coveredIn_ADT(ReportsSiute.java:199)
	at sun.reflect.NativeMethodAccessorImpl.invoke0(Native Method)
	at sun.reflect.NativeMethodAccessorImpl.invoke(Unknown Source)
	at sun.reflect.DelegatingMethodAccessorImpl.invoke(Unknown Source)
	at java.lang.reflect.Method.invoke(Unknown Source)
	at org.testng.internal.MethodInvocationHelper.invokeMethod(MethodInvocationHelper.java:86)
	at org.testng.internal.Invoker.invokeMethod(Invoker.java:643)
	at org.testng.internal.Invoker.invokeTestMethod(Invoker.java:820)
	at org.testng.internal.Invoker.invokeTestMethods(Invoker.java:1128)
	at org.testng.internal.TestMethodWorker.invokeTestMethods(TestMethodWorker.java:129)
	at org.testng.internal.TestMethodWorker.run(TestMethodWorker.java:112)
	at org.testng.TestRunner.privateRun(TestRunner.java:782)
	at org.testng.TestRunner.run(TestRunner.java:632)
	at org.testng.SuiteRunner.runTest(SuiteRunner.java:366)
	at org.testng.SuiteRunner.runSequentially(SuiteRunner.java:361)
	at org.testng.SuiteRunner.privateRun(SuiteRunner.java:319)
	at org.testng.SuiteRunner.run(SuiteRunner.java:268)
	at org.testng.SuiteRunnerWorker.runSuite(SuiteRunnerWorker.java:52)
	at org.testng.SuiteRunnerWorker.run(SuiteRunnerWorker.java:86)
	at org.testng.TestNG.runSuitesSequentially(TestNG.java:1244)
	at org.testng.TestNG.runSuitesLocally(TestNG.java:1169)
	at org.testng.TestNG.run(TestNG.java:1064)
	at org.testng.remote.AbstractRemoteTestNG.run(AbstractRemoteTestNG.java:114)
	at org.testng.remote.RemoteTestNG.initAndRun(RemoteTestNG.java:251)
	at org.testng.remote.RemoteTestNG.main(RemoteTestNG.java:77)

</div> <!-- stack-trace -->
                </div> <!-- method-content -->
              </div> <!-- method -->
              <div class="method">
                <div class="method-content">
                  <a name="ERT_SUMM_35_Validate_Total_KM_run_by_ERT">
                  </a> <!-- ERT_SUMM_35_Validate_Total_KM_run_by_ERT -->
                  <span class="method-name">ERT_SUMM_35_Validate_Total_KM_run_by_ERT</span>
                  <div class="stack-trace">java.lang.NumberFormatException: For input string: &quot;&quot;
	at java.lang.NumberFormatException.forInputString(Unknown Source)
	at java.lang.Integer.parseInt(Unknown Source)
	at java.lang.Integer.parseInt(Unknown Source)
	at com.Cogniphy.Protection.Muthoot.Reports.ERTSummay_Report.validateKMsRunByVehicles(ERTSummay_Report.java:299)
	at com.Cogniphy.Protection.Muthoot.TestSuites.ReportsSiute.ERT_SUMM_35_Validate_Total_KM_run_by_ERT(ReportsSiute.java:203)
	at sun.reflect.NativeMethodAccessorImpl.invoke0(Native Method)
	at sun.reflect.NativeMethodAccessorImpl.invoke(Unknown Source)
	at sun.reflect.DelegatingMethodAccessorImpl.invoke(Unknown Source)
	at java.lang.reflect.Method.invoke(Unknown Source)
	at org.testng.internal.MethodInvocationHelper.invokeMethod(MethodInvocationHelper.java:86)
	at org.testng.internal.Invoker.invokeMethod(Invoker.java:643)
	at org.testng.internal.Invoker.invokeTestMethod(Invoker.java:820)
	at org.testng.internal.Invoker.invokeTestMethods(Invoker.java:1128)
	at org.testng.internal.TestMethodWorker.invokeTestMethods(TestMethodWorker.java:129)
	at org.testng.internal.TestMethodWorker.run(TestMethodWorker.java:112)
	at org.testng.TestRunner.privateRun(TestRunner.java:782)
	at org.testng.TestRunner.run(TestRunner.java:632)
	at org.testng.SuiteRunner.runTest(SuiteRunner.java:366)
	at org.testng.SuiteRunner.runSequentially(SuiteRunner.java:361)
	at org.testng.SuiteRunner.privateRun(SuiteRunner.java:319)
	at org.testng.SuiteRunner.run(SuiteRunner.java:268)
	at org.testng.SuiteRunnerWorker.runSuite(SuiteRunnerWorker.java:52)
	at org.testng.SuiteRunnerWorker.run(SuiteRunnerWorker.java:86)
	at org.testng.TestNG.runSuitesSequentially(TestNG.java:1244)
	at org.testng.TestNG.runSuitesLocally(TestNG.java:1169)
	at org.testng.TestNG.run(TestNG.java:1064)
	at org.testng.remote.AbstractRemoteTestNG.run(AbstractRemoteTestNG.java:114)
	at org.testng.remote.RemoteTestNG.initAndRun(RemoteTestNG.java:251)
	at org.testng.remote.RemoteTestNG.main(RemoteTestNG.java:77)

</div> <!-- stack-trace -->
                </div> <!-- method-content -->
              </div> <!-- method -->
              <div class="method">
                <div class="method-content">
                  <a name="ERT_SUMM_46_Validate_total_Count">
                  </a> <!-- ERT_SUMM_46_Validate_total_Count -->
                  <span class="method-name">ERT_SUMM_46_Validate_total_Count</span>
                  <div class="stack-trace">java.lang.NumberFormatException: For input string: &quot;&quot;
	at java.lang.NumberFormatException.forInputString(Unknown Source)
	at java.lang.Integer.parseInt(Unknown Source)
	at java.lang.Integer.parseInt(Unknown Source)
	at com.Cogniphy.Protection.Muthoot.TestSuites.ReportsSiute.ERT_SUMM_46_Validate_total_Count(ReportsSiute.java:246)
	at sun.reflect.NativeMethodAccessorImpl.invoke0(Native Method)
	at sun.reflect.NativeMethodAccessorImpl.invoke(Unknown Source)
	at sun.reflect.DelegatingMethodAccessorImpl.invoke(Unknown Source)
	at java.lang.reflect.Method.invoke(Unknown Source)
	at org.testng.internal.MethodInvocationHelper.invokeMethod(MethodInvocationHelper.java:86)
	at org.testng.internal.Invoker.invokeMethod(Invoker.java:643)
	at org.testng.internal.Invoker.invokeTestMethod(Invoker.java:820)
	at org.testng.internal.Invoker.invokeTestMethods(Invoker.java:1128)
	at org.testng.internal.TestMethodWorker.invokeTestMethods(TestMethodWorker.java:129)
	at org.testng.internal.TestMethodWorker.run(TestMethodWorker.java:112)
	at org.testng.TestRunner.privateRun(TestRunner.java:782)
	at org.testng.TestRunner.run(TestRunner.java:632)
	at org.testng.SuiteRunner.runTest(SuiteRunner.java:366)
	at org.testng.SuiteRunner.runSequentially(SuiteRunner.java:361)
	at org.testng.SuiteRunner.privateRun(SuiteRunner.java:319)
	at org.testng.SuiteRunner.run(SuiteRunner.java:268)
	at org.testng.SuiteRunnerWorker.runSuite(SuiteRunnerWorker.java:52)
	at org.testng.SuiteRunnerWorker.run(SuiteRunnerWorker.java:86)
	at org.testng.TestNG.runSuitesSequentially(TestNG.java:1244)
	at org.testng.TestNG.runSuitesLocally(TestNG.java:1169)
	at org.testng.TestNG.run(TestNG.java:1064)
	at org.testng.remote.AbstractRemoteTestNG.run(AbstractRemoteTestNG.java:114)
	at org.testng.remote.RemoteTestNG.initAndRun(RemoteTestNG.java:251)
	at org.testng.remote.RemoteTestNG.main(RemoteTestNG.java:77)

</div> <!-- stack-trace -->
                </div> <!-- method-content -->
              </div> <!-- method -->
            </div> <!-- main-panel-content rounded-window-bottom -->
          </div> <!-- suite-Default_suite-class-failed -->
          <div class="suite-Default_suite-class-passed">
            <div class="main-panel-header rounded-window-top">
              <img src="passed.png"/>
              <span class="class-name">com.Cogniphy.Protection.Muthoot.TestSuites.ReportsSiute</span>
            </div> <!-- main-panel-header rounded-window-top -->
            <div class="main-panel-content rounded-window-bottom">
              <div class="method">
                <div class="method-content">
                  <a name="ERT_SUMM_01_Verify_HomePage">
                  </a> <!-- ERT_SUMM_01_Verify_HomePage -->
                  <span class="method-name">ERT_SUMM_01_Verify_HomePage</span>
                </div> <!-- method-content -->
              </div> <!-- method -->
              <div class="method">
                <div class="method-content">
                  <a name="ERT_SUMM_02_Verify_the_Reports_menu_on_top_bar">
                  </a> <!-- ERT_SUMM_02_Verify_the_Reports_menu_on_top_bar -->
                  <span class="method-name">ERT_SUMM_02_Verify_the_Reports_menu_on_top_bar</span>
                </div> <!-- method-content -->
              </div> <!-- method -->
              <div class="method">
                <div class="method-content">
                  <a name="ERT_SUMM_03_Verify_the_ERT_summary_report_page">
                  </a> <!-- ERT_SUMM_03_Verify_the_ERT_summary_report_page -->
                  <span class="method-name">ERT_SUMM_03_Verify_the_ERT_summary_report_page</span>
                  <em>
(DateFilter, ClientFilter, SessionFilters are Available)                  </em>
                </div> <!-- method-content -->
              </div> <!-- method -->
              <div class="method">
                <div class="method-content">
                  <a name="ERT_SUMM_04_Verify_DateEntry_Manually">
                  </a> <!-- ERT_SUMM_04_Verify_DateEntry_Manually -->
                  <span class="method-name">ERT_SUMM_04_Verify_DateEntry_Manually</span>
                </div> <!-- method-content -->
              </div> <!-- method -->
              <div class="method">
                <div class="method-content">
                  <a name="ERT_SUMM_05_Verify_DateFiter_For_FutureDates">
                  </a> <!-- ERT_SUMM_05_Verify_DateFiter_For_FutureDates -->
                  <span class="method-name">ERT_SUMM_05_Verify_DateFiter_For_FutureDates</span>
                </div> <!-- method-content -->
              </div> <!-- method -->
              <div class="method">
                <div class="method-content">
                  <a name="ERT_SUMM_06_Verify_DateFiter_For_Morethan_90days">
                  </a> <!-- ERT_SUMM_06_Verify_DateFiter_For_Morethan_90days -->
                  <span class="method-name">ERT_SUMM_06_Verify_DateFiter_For_Morethan_90days</span>
                </div> <!-- method-content -->
              </div> <!-- method -->
              <div class="method">
                <div class="method-content">
                  <a name="ERT_SUMM_07_Verify_ClientFilter">
                  </a> <!-- ERT_SUMM_07_Verify_ClientFilter -->
                  <span class="method-name">ERT_SUMM_07_Verify_ClientFilter</span>
                </div> <!-- method-content -->
              </div> <!-- method -->
              <div class="method">
                <div class="method-content">
                  <a name="ERT_SUMM_08_Verify_SessionFilter">
                  </a> <!-- ERT_SUMM_08_Verify_SessionFilter -->
                  <span class="method-name">ERT_SUMM_08_Verify_SessionFilter</span>
                </div> <!-- method-content -->
              </div> <!-- method -->
              <div class="method">
                <div class="method-content">
                  <a name="ERT_SUMM_10_Verify_TitleRow">
                  </a> <!-- ERT_SUMM_10_Verify_TitleRow -->
                  <span class="method-name">ERT_SUMM_10_Verify_TitleRow</span>
                </div> <!-- method-content -->
              </div> <!-- method -->
              <div class="method">
                <div class="method-content">
                  <a name="ERT_SUMM_17_Validate_ERT_count">
                  </a> <!-- ERT_SUMM_17_Validate_ERT_count -->
                  <span class="method-name">ERT_SUMM_17_Validate_ERT_count</span>
                  <em>
(Bug has to be fix)                  </em>
                </div> <!-- method-content -->
              </div> <!-- method -->
              <div class="method">
                <div class="method-content">
                  <a name="ERT_SUMM_18_Verify_ReportAt_TimeFormat">
                  </a> <!-- ERT_SUMM_18_Verify_ReportAt_TimeFormat -->
                  <span class="method-name">ERT_SUMM_18_Verify_ReportAt_TimeFormat</span>
                </div> <!-- method-content -->
              </div> <!-- method -->
              <div class="method">
                <div class="method-content">
                  <a name="ERT_SUMM_19_Validate_the_ERT_Reported_AT_Column">
                  </a> <!-- ERT_SUMM_19_Validate_the_ERT_Reported_AT_Column -->
                  <span class="method-name">ERT_SUMM_19_Validate_the_ERT_Reported_AT_Column</span>
                </div> <!-- method-content -->
              </div> <!-- method -->
              <div class="method">
                <div class="method-content">
                  <a name="ERT_SUMM_20_Validate_ReportAt_with_GaurdCheckList_ReportTime">
                  </a> <!-- ERT_SUMM_20_Validate_ReportAt_with_GaurdCheckList_ReportTime -->
                  <span class="method-name">ERT_SUMM_20_Validate_ReportAt_with_GaurdCheckList_ReportTime</span>
                  <em>
(Bug has to be fix)                  </em>
                </div> <!-- method-content -->
              </div> <!-- method -->
              <div class="method">
                <div class="method-content">
                  <a name="ERT_SUMM_21_22_Validate_No_of_the_branches_visited_column">
                  </a> <!-- ERT_SUMM_21_22_Validate_No_of_the_branches_visited_column -->
                  <span class="method-name">ERT_SUMM_21_22_Validate_No_of_the_branches_visited_column</span>
                </div> <!-- method-content -->
              </div> <!-- method -->
              <div class="method">
                <div class="method-content">
                  <a name="ERT_SUMM_27_Validate_ADTRecived_Time">
                  </a> <!-- ERT_SUMM_27_Validate_ADTRecived_Time -->
                  <span class="method-name">ERT_SUMM_27_Validate_ADTRecived_Time</span>
                </div> <!-- method-content -->
              </div> <!-- method -->
              <div class="method">
                <div class="method-content">
                  <a name="ERT_SUMM_31_Verify_timeOf_Arrival_At_destination">
                  </a> <!-- ERT_SUMM_31_Verify_timeOf_Arrival_At_destination -->
                  <span class="method-name">ERT_SUMM_31_Verify_timeOf_Arrival_At_destination</span>
                </div> <!-- method-content -->
              </div> <!-- method -->
              <div class="method">
                <div class="method-content">
                  <a name="ERT_SUMM_32_Verify_Total_responding_Time">
                  </a> <!-- ERT_SUMM_32_Verify_Total_responding_Time -->
                  <span class="method-name">ERT_SUMM_32_Verify_Total_responding_Time</span>
                </div> <!-- method-content -->
              </div> <!-- method -->
              <div class="method">
                <div class="method-content">
                  <a name="ERT_SUMM_37_38_Validate_the_ERT_Relieving_Time_column">
                  </a> <!-- ERT_SUMM_37_38_Validate_the_ERT_Relieving_Time_column -->
                  <span class="method-name">ERT_SUMM_37_38_Validate_the_ERT_Relieving_Time_column</span>
                </div> <!-- method-content -->
              </div> <!-- method -->
              <div class="method">
                <div class="method-content">
                  <a name="ERT_SUMM_39_Verify_the_Irregularities_column">
                  </a> <!-- ERT_SUMM_39_Verify_the_Irregularities_column -->
                  <span class="method-name">ERT_SUMM_39_Verify_the_Irregularities_column</span>
                </div> <!-- method-content -->
              </div> <!-- method -->
              <div class="method">
                <div class="method-content">
                  <a name="ERT_SUMM_40_Verify_Action_taken_by_ERT_and_RCR_Column">
                  </a> <!-- ERT_SUMM_40_Verify_Action_taken_by_ERT_and_RCR_Column -->
                  <span class="method-name">ERT_SUMM_40_Verify_Action_taken_by_ERT_and_RCR_Column</span>
                </div> <!-- method-content -->
              </div> <!-- method -->
              <div class="method">
                <div class="method-content">
                  <a name="ERT_SUMM_41_42_Verify_Action_taken_by_ERT_and_RCR_Column">
                  </a> <!-- ERT_SUMM_41_42_Verify_Action_taken_by_ERT_and_RCR_Column -->
                  <span class="method-name">ERT_SUMM_41_42_Verify_Action_taken_by_ERT_and_RCR_Column</span>
                </div> <!-- method-content -->
              </div> <!-- method -->
              <div class="method">
                <div class="method-content">
                  <a name="ERT_SUMM_43_44_45_Validate_odometer_Values">
                  </a> <!-- ERT_SUMM_43_44_45_Validate_odometer_Values -->
                  <span class="method-name">ERT_SUMM_43_44_45_Validate_odometer_Values</span>
                </div> <!-- method-content -->
              </div> <!-- method -->
            </div> <!-- main-panel-content rounded-window-bottom -->
          </div> <!-- suite-Default_suite-class-passed -->
        </div> <!-- panel Default_suite -->
        <div panel-name="test-xml-Default_suite" class="panel">
          <div class="main-panel-header rounded-window-top">
            <span class="header-content">C:\Users\121\AppData\Local\Temp\testng-eclipse-1723504516\testng-customsuite.xml</span>
          </div> <!-- main-panel-header rounded-window-top -->
          <div class="main-panel-content rounded-window-bottom">
            <pre>
&lt;?xml version=&quot;1.0&quot; encoding=&quot;UTF-8&quot;?&gt;
&lt;!DOCTYPE suite SYSTEM &quot;http://testng.org/testng-1.0.dtd&quot;&gt;
&lt;suite guice-stage=&quot;DEVELOPMENT&quot; name=&quot;Default suite&quot;&gt;
  &lt;test verbose=&quot;2&quot; name=&quot;Default test&quot;&gt;
    &lt;classes&gt;
      &lt;class name=&quot;com.Cogniphy.Protection.Muthoot.TestSuites.ReportsSiute&quot;/&gt;
    &lt;/classes&gt;
  &lt;/test&gt; &lt;!-- Default test --&gt;
&lt;/suite&gt; &lt;!-- Default suite --&gt;
            </pre>
          </div> <!-- main-panel-content rounded-window-bottom -->
        </div> <!-- panel -->
        <div panel-name="testlist-Default_suite" class="panel">
          <div class="main-panel-header rounded-window-top">
            <span class="header-content">Tests for Default suite</span>
          </div> <!-- main-panel-header rounded-window-top -->
          <div class="main-panel-content rounded-window-bottom">
            <ul>
              <li>
                <span class="test-name">Default test (1 class)</span>
              </li>
            </ul>
          </div> <!-- main-panel-content rounded-window-bottom -->
        </div> <!-- panel -->
        <div panel-name="group-Default_suite" class="panel">
          <div class="main-panel-header rounded-window-top">
            <span class="header-content">Groups for Default suite</span>
          </div> <!-- main-panel-header rounded-window-top -->
          <div class="main-panel-content rounded-window-bottom">
            <div class="test-group">
              <span class="test-group-name">Critical</span>
              <br/>
              <div class="method-in-group">
                <span class="method-in-group-name">ERT_SUMM_16_Verify_ERTColumn</span>
                <br/>
              </div> <!-- method-in-group -->
            </div> <!-- test-group -->
          </div> <!-- main-panel-content rounded-window-bottom -->
        </div> <!-- panel -->
        <div panel-name="times-Default_suite" class="panel">
          <div class="main-panel-header rounded-window-top">
            <span class="header-content">Times for Default suite</span>
          </div> <!-- main-panel-header rounded-window-top -->
          <div class="main-panel-content rounded-window-bottom">
            <div class="times-div">
              <script type="text/javascript">
suiteTableInitFunctions.push('tableData_Default_suite');
function tableData_Default_suite() {
var data = new google.visualization.DataTable();
data.addColumn('number', 'Number');
data.addColumn('string', 'Method');
data.addColumn('string', 'Class');
data.addColumn('number', 'Time (ms)');
data.addRows(27);
data.setCell(0, 0, 0)
data.setCell(0, 1, 'ERT_SUMM_01_Verify_HomePage')
data.setCell(0, 2, 'com.Cogniphy.Protection.Muthoot.TestSuites.ReportsSiute')
data.setCell(0, 3, 120642);
data.setCell(1, 0, 1)
data.setCell(1, 1, 'ERT_SUMM_06_Verify_DateFiter_For_Morethan_90days')
data.setCell(1, 2, 'com.Cogniphy.Protection.Muthoot.TestSuites.ReportsSiute')
data.setCell(1, 3, 91105);
data.setCell(2, 0, 2)
data.setCell(2, 1, 'ERT_SUMM_16_Verify_ERTColumn')
data.setCell(2, 2, 'com.Cogniphy.Protection.Muthoot.TestSuites.ReportsSiute')
data.setCell(2, 3, 28939);
data.setCell(3, 0, 3)
data.setCell(3, 1, 'ERT_SUMM_04_Verify_DateEntry_Manually')
data.setCell(3, 2, 'com.Cogniphy.Protection.Muthoot.TestSuites.ReportsSiute')
data.setCell(3, 3, 15307);
data.setCell(4, 0, 4)
data.setCell(4, 1, 'ERT_SUMM_02_Verify_the_Reports_menu_on_top_bar')
data.setCell(4, 2, 'com.Cogniphy.Protection.Muthoot.TestSuites.ReportsSiute')
data.setCell(4, 3, 7671);
data.setCell(5, 0, 5)
data.setCell(5, 1, 'ERT_SUMM_21_22_Validate_No_of_the_branches_visited_column')
data.setCell(5, 2, 'com.Cogniphy.Protection.Muthoot.TestSuites.ReportsSiute')
data.setCell(5, 3, 4479);
data.setCell(6, 0, 6)
data.setCell(6, 1, 'ERT_SUMM_08_Verify_SessionFilter')
data.setCell(6, 2, 'com.Cogniphy.Protection.Muthoot.TestSuites.ReportsSiute')
data.setCell(6, 3, 3728);
data.setCell(7, 0, 7)
data.setCell(7, 1, 'ERT_SUMM_18_Verify_ReportAt_TimeFormat')
data.setCell(7, 2, 'com.Cogniphy.Protection.Muthoot.TestSuites.ReportsSiute')
data.setCell(7, 3, 1401);
data.setCell(8, 0, 8)
data.setCell(8, 1, 'ERT_SUMM_05_Verify_DateFiter_For_FutureDates')
data.setCell(8, 2, 'com.Cogniphy.Protection.Muthoot.TestSuites.ReportsSiute')
data.setCell(8, 3, 1281);
data.setCell(9, 0, 9)
data.setCell(9, 1, 'ERT_SUMM_10_Verify_TitleRow')
data.setCell(9, 2, 'com.Cogniphy.Protection.Muthoot.TestSuites.ReportsSiute')
data.setCell(9, 3, 620);
data.setCell(10, 0, 10)
data.setCell(10, 1, 'ERT_SUMM_35_Validate_Total_KM_run_by_ERT')
data.setCell(10, 2, 'com.Cogniphy.Protection.Muthoot.TestSuites.ReportsSiute')
data.setCell(10, 3, 497);
data.setCell(11, 0, 11)
data.setCell(11, 1, 'ERT_SUMM_43_44_45_Validate_odometer_Values')
data.setCell(11, 2, 'com.Cogniphy.Protection.Muthoot.TestSuites.ReportsSiute')
data.setCell(11, 3, 360);
data.setCell(12, 0, 12)
data.setCell(12, 1, 'ERT_SUMM_40_Verify_Action_taken_by_ERT_and_RCR_Column')
data.setCell(12, 2, 'com.Cogniphy.Protection.Muthoot.TestSuites.ReportsSiute')
data.setCell(12, 3, 183);
data.setCell(13, 0, 13)
data.setCell(13, 1, 'ERT_SUMM_07_Verify_ClientFilter')
data.setCell(13, 2, 'com.Cogniphy.Protection.Muthoot.TestSuites.ReportsSiute')
data.setCell(13, 3, 163);
data.setCell(14, 0, 14)
data.setCell(14, 1, 'ERT_SUMM_41_42_Verify_Action_taken_by_ERT_and_RCR_Column')
data.setCell(14, 2, 'com.Cogniphy.Protection.Muthoot.TestSuites.ReportsSiute')
data.setCell(14, 3, 156);
data.setCell(15, 0, 15)
data.setCell(15, 1, 'ERT_SUMM_39_Verify_the_Irregularities_column')
data.setCell(15, 2, 'com.Cogniphy.Protection.Muthoot.TestSuites.ReportsSiute')
data.setCell(15, 3, 132);
data.setCell(16, 0, 16)
data.setCell(16, 1, 'ERT_SUMM_37_38_Validate_the_ERT_Relieving_Time_column')
data.setCell(16, 2, 'com.Cogniphy.Protection.Muthoot.TestSuites.ReportsSiute')
data.setCell(16, 3, 125);
data.setCell(17, 0, 17)
data.setCell(17, 1, 'ERT_SUMM_09_Verify_ReportTitle')
data.setCell(17, 2, 'com.Cogniphy.Protection.Muthoot.TestSuites.ReportsSiute')
data.setCell(17, 3, 113);
data.setCell(18, 0, 18)
data.setCell(18, 1, 'ERT_SUMM_32_Verify_Total_responding_Time')
data.setCell(18, 2, 'com.Cogniphy.Protection.Muthoot.TestSuites.ReportsSiute')
data.setCell(18, 3, 109);
data.setCell(19, 0, 19)
data.setCell(19, 1, 'ERT_SUMM_31_Verify_timeOf_Arrival_At_destination')
data.setCell(19, 2, 'com.Cogniphy.Protection.Muthoot.TestSuites.ReportsSiute')
data.setCell(19, 3, 94);
data.setCell(20, 0, 20)
data.setCell(20, 1, 'ERT_SUMM_19_Validate_the_ERT_Reported_AT_Column')
data.setCell(20, 2, 'com.Cogniphy.Protection.Muthoot.TestSuites.ReportsSiute')
data.setCell(20, 3, 54);
data.setCell(21, 0, 21)
data.setCell(21, 1, 'ERT_SUMM_33_34_Verify_KM_coveredIn_ADT')
data.setCell(21, 2, 'com.Cogniphy.Protection.Muthoot.TestSuites.ReportsSiute')
data.setCell(21, 3, 31);
data.setCell(22, 0, 22)
data.setCell(22, 1, 'ERT_SUMM_27_Validate_ADTRecived_Time')
data.setCell(22, 2, 'com.Cogniphy.Protection.Muthoot.TestSuites.ReportsSiute')
data.setCell(22, 3, 16);
data.setCell(23, 0, 23)
data.setCell(23, 1, 'ERT_SUMM_17_Validate_ERT_count')
data.setCell(23, 2, 'com.Cogniphy.Protection.Muthoot.TestSuites.ReportsSiute')
data.setCell(23, 3, 2);
data.setCell(24, 0, 24)
data.setCell(24, 1, 'ERT_SUMM_03_Verify_the_ERT_summary_report_page')
data.setCell(24, 2, 'com.Cogniphy.Protection.Muthoot.TestSuites.ReportsSiute')
data.setCell(24, 3, 2);
data.setCell(25, 0, 25)
data.setCell(25, 1, 'ERT_SUMM_20_Validate_ReportAt_with_GaurdCheckList_ReportTime')
data.setCell(25, 2, 'com.Cogniphy.Protection.Muthoot.TestSuites.ReportsSiute')
data.setCell(25, 3, 0);
data.setCell(26, 0, 26)
data.setCell(26, 1, 'ERT_SUMM_46_Validate_total_Count')
data.setCell(26, 2, 'com.Cogniphy.Protection.Muthoot.TestSuites.ReportsSiute')
data.setCell(26, 3, 0);
window.suiteTableData['Default_suite']= { tableData: data, tableDiv: 'times-div-Default_suite'}
return data;
}
              </script>
              <span class="suite-total-time">Total running time: 4 minutes</span>
              <div id="times-div-Default_suite">
              </div> <!-- times-div-Default_suite -->
            </div> <!-- times-div -->
          </div> <!-- main-panel-content rounded-window-bottom -->
        </div> <!-- panel -->
        <div panel-name="reporter-Default_suite" class="panel">
          <div class="main-panel-header rounded-window-top">
            <span class="header-content">Reporter output for Default suite</span>
          </div> <!-- main-panel-header rounded-window-top -->
          <div class="main-panel-content rounded-window-bottom">
          </div> <!-- main-panel-content rounded-window-bottom -->
        </div> <!-- panel -->
        <div panel-name="ignored-methods-Default_suite" class="panel">
          <div class="main-panel-header rounded-window-top">
            <span class="header-content">2 ignored methods</span>
          </div> <!-- main-panel-header rounded-window-top -->
          <div class="main-panel-content rounded-window-bottom">
            <div class="ignored-class-div">
              <span class="ignored-class-name">com.Cogniphy.Protection.Muthoot.TestSuites.ReportsSiute</span>
              <div class="ignored-methods-div">
                <span class="ignored-method-name">ERT_SUMM_48_23_24_verify_BranchNames_Under_ADTColumn</span>
                <br/>
                <span class="ignored-method-name">ERT_SUMM_49_25_26_Validate_Actual_Time_of_ADT_alarm_column</span>
                <br/>
              </div> <!-- ignored-methods-div -->
            </div> <!-- ignored-class-div -->
          </div> <!-- main-panel-content rounded-window-bottom -->
        </div> <!-- panel -->
        <div panel-name="chronological-Default_suite" class="panel">
          <div class="main-panel-header rounded-window-top">
            <span class="header-content">Methods in chronological order</span>
          </div> <!-- main-panel-header rounded-window-top -->
          <div class="main-panel-content rounded-window-bottom">
            <div class="chronological-class">
              <div class="chronological-class-name">com.Cogniphy.Protection.Muthoot.TestSuites.ReportsSiute</div> <!-- chronological-class-name -->
              <div class="configuration-test before">
                <span class="method-name">loadlog4j</span>
                <span class="method-start">0 ms</span>
              </div> <!-- configuration-test before -->
              <div class="configuration-class before">
                <span class="method-name">beforeClass</span>
                <span class="method-start">47 ms</span>
              </div> <!-- configuration-class before -->
              <div class="configuration-method before">
                <span class="method-name">beforeMethod(public void com.Cogniphy.Protection.Muthoot.TestSuites.ReportsSiute.ERT_SUMM_01_Verify_HomePage() th...)</span>
                <span class="method-start">19608 ms</span>
              </div> <!-- configuration-method before -->
              <div class="test-method">
                <span class="method-name">ERT_SUMM_01_Verify_HomePage</span>
                <span class="method-start">19613 ms</span>
              </div> <!-- test-method -->
              <div class="configuration-method after">
                <span class="method-name">afterMethod([TestResult name=ERT_SUMM_01_Verify_HomePage status=SUCCESS method=ReportsSiute.ERT_SUMM_01_Verify_H...)</span>
                <span class="method-start">140255 ms</span>
              </div> <!-- configuration-method after -->
              <div class="configuration-method before">
                <span class="method-name">beforeMethod(public static void com.Cogniphy.Protection.Muthoot.TestSuites.ReportsSiute.ERT_SUMM_02_Verify_the_Re...)</span>
                <span class="method-start">140255 ms</span>
              </div> <!-- configuration-method before -->
              <div class="test-method">
                <span class="method-name">ERT_SUMM_02_Verify_the_Reports_menu_on_top_bar</span>
                <span class="method-start">140255 ms</span>
              </div> <!-- test-method -->
              <div class="configuration-method after">
                <span class="method-name">afterMethod([TestResult name=ERT_SUMM_02_Verify_the_Reports_menu_on_top_bar status=SUCCESS method=ReportsSiute.E...)</span>
                <span class="method-start">147928 ms</span>
              </div> <!-- configuration-method after -->
              <div class="configuration-method before">
                <span class="method-name">beforeMethod(public static void com.Cogniphy.Protection.Muthoot.TestSuites.ReportsSiute.ERT_SUMM_03_Verify_the_ER...)</span>
                <span class="method-start">147928 ms</span>
              </div> <!-- configuration-method before -->
              <div class="test-method">
                <span class="method-name">ERT_SUMM_03_Verify_the_ERT_summary_report_page</span>
                <span class="method-start">147929 ms</span>
              </div> <!-- test-method -->
              <div class="configuration-method after">
                <span class="method-name">afterMethod([TestResult name=ERT_SUMM_03_Verify_the_ERT_summary_report_page status=SUCCESS method=ReportsSiute.E...)</span>
                <span class="method-start">147932 ms</span>
              </div> <!-- configuration-method after -->
              <div class="configuration-method before">
                <span class="method-name">beforeMethod(public static void com.Cogniphy.Protection.Muthoot.TestSuites.ReportsSiute.ERT_SUMM_04_Verify_DateEn...)</span>
                <span class="method-start">147933 ms</span>
              </div> <!-- configuration-method before -->
              <div class="test-method">
                <span class="method-name">ERT_SUMM_04_Verify_DateEntry_Manually</span>
                <span class="method-start">147933 ms</span>
              </div> <!-- test-method -->
              <div class="configuration-method after">
                <span class="method-name">afterMethod([TestResult name=ERT_SUMM_04_Verify_DateEntry_Manually status=SUCCESS method=ReportsSiute.ERT_SUMM_0...)</span>
                <span class="method-start">163243 ms</span>
              </div> <!-- configuration-method after -->
              <div class="configuration-method before">
                <span class="method-name">beforeMethod(public static void com.Cogniphy.Protection.Muthoot.TestSuites.ReportsSiute.ERT_SUMM_05_Verify_DateFi...)</span>
                <span class="method-start">163243 ms</span>
              </div> <!-- configuration-method before -->
              <div class="test-method">
                <span class="method-name">ERT_SUMM_05_Verify_DateFiter_For_FutureDates</span>
                <span class="method-start">163244 ms</span>
              </div> <!-- test-method -->
              <div class="configuration-method after">
                <span class="method-name">afterMethod([TestResult name=ERT_SUMM_05_Verify_DateFiter_For_FutureDates status=SUCCESS method=ReportsSiute.ERT...)</span>
                <span class="method-start">164526 ms</span>
              </div> <!-- configuration-method after -->
              <div class="configuration-method before">
                <span class="method-name">beforeMethod(public static void com.Cogniphy.Protection.Muthoot.TestSuites.ReportsSiute.ERT_SUMM_06_Verify_DateFi...)</span>
                <span class="method-start">164527 ms</span>
              </div> <!-- configuration-method before -->
              <div class="test-method">
                <span class="method-name">ERT_SUMM_06_Verify_DateFiter_For_Morethan_90days</span>
                <span class="method-start">164527 ms</span>
              </div> <!-- test-method -->
              <div class="configuration-method after">
                <span class="method-name">afterMethod([TestResult name=ERT_SUMM_06_Verify_DateFiter_For_Morethan_90days status=SUCCESS method=ReportsSiute...)</span>
                <span class="method-start">255634 ms</span>
              </div> <!-- configuration-method after -->
              <div class="configuration-method before">
                <span class="method-name">beforeMethod(public static void com.Cogniphy.Protection.Muthoot.TestSuites.ReportsSiute.ERT_SUMM_07_Verify_Client...)</span>
                <span class="method-start">255634 ms</span>
              </div> <!-- configuration-method before -->
              <div class="test-method">
                <span class="method-name">ERT_SUMM_07_Verify_ClientFilter</span>
                <span class="method-start">255635 ms</span>
              </div> <!-- test-method -->
              <div class="configuration-method after">
                <span class="method-name">afterMethod([TestResult name=ERT_SUMM_07_Verify_ClientFilter status=SUCCESS method=ReportsSiute.ERT_SUMM_07_Veri...)</span>
                <span class="method-start">255799 ms</span>
              </div> <!-- configuration-method after -->
              <div class="configuration-method before">
                <span class="method-name">beforeMethod(public static void com.Cogniphy.Protection.Muthoot.TestSuites.ReportsSiute.ERT_SUMM_08_Verify_Sessio...)</span>
                <span class="method-start">255799 ms</span>
              </div> <!-- configuration-method before -->
              <div class="test-method">
                <span class="method-name">ERT_SUMM_08_Verify_SessionFilter</span>
                <span class="method-start">255799 ms</span>
              </div> <!-- test-method -->
              <div class="configuration-method after">
                <span class="method-name">afterMethod([TestResult name=ERT_SUMM_08_Verify_SessionFilter status=SUCCESS method=ReportsSiute.ERT_SUMM_08_Ver...)</span>
                <span class="method-start">259529 ms</span>
              </div> <!-- configuration-method after -->
              <div class="configuration-method before">
                <span class="method-name">beforeMethod(public static void com.Cogniphy.Protection.Muthoot.TestSuites.ReportsSiute.ERT_SUMM_09_Verify_Report...)</span>
                <span class="method-start">259530 ms</span>
              </div> <!-- configuration-method before -->
              <div class="test-method">
                <img src="failed.png">
                </img>
                <span class="method-name">ERT_SUMM_09_Verify_ReportTitle</span>
                <span class="method-start">259530 ms</span>
              </div> <!-- test-method -->
              <div class="configuration-method after">
                <span class="method-name">afterMethod([TestResult name=ERT_SUMM_09_Verify_ReportTitle status=FAILURE method=ReportsSiute.ERT_SUMM_09_Verif...)</span>
                <span class="method-start">259668 ms</span>
              </div> <!-- configuration-method after -->
              <div class="configuration-method before">
                <span class="method-name">beforeMethod(public static void com.Cogniphy.Protection.Muthoot.TestSuites.ReportsSiute.ERT_SUMM_10_Verify_TitleR...)</span>
                <span class="method-start">260343 ms</span>
              </div> <!-- configuration-method before -->
              <div class="test-method">
                <span class="method-name">ERT_SUMM_10_Verify_TitleRow</span>
                <span class="method-start">260343 ms</span>
              </div> <!-- test-method -->
              <div class="configuration-method after">
                <span class="method-name">afterMethod([TestResult name=ERT_SUMM_10_Verify_TitleRow status=SUCCESS method=ReportsSiute.ERT_SUMM_10_Verify_T...)</span>
                <span class="method-start">260964 ms</span>
              </div> <!-- configuration-method after -->
              <div class="configuration-method before">
                <span class="method-name">beforeMethod(public static void com.Cogniphy.Protection.Muthoot.TestSuites.ReportsSiute.ERT_SUMM_16_Verify_ERTCol...)</span>
                <span class="method-start">260964 ms</span>
              </div> <!-- configuration-method before -->
              <div class="test-method">
                <img src="failed.png">
                </img>
                <span class="method-name">ERT_SUMM_16_Verify_ERTColumn</span>
                <span class="method-start">260965 ms</span>
              </div> <!-- test-method -->
              <div class="configuration-method after">
                <span class="method-name">afterMethod([TestResult name=ERT_SUMM_16_Verify_ERTColumn status=FAILURE method=ReportsSiute.ERT_SUMM_16_Verify_...)</span>
                <span class="method-start">289908 ms</span>
              </div> <!-- configuration-method after -->
              <div class="configuration-method before">
                <span class="method-name">beforeMethod(public static void com.Cogniphy.Protection.Muthoot.TestSuites.ReportsSiute.ERT_SUMM_17_Validate_ERT_...)</span>
                <span class="method-start">290256 ms</span>
              </div> <!-- configuration-method before -->
              <div class="test-method">
                <span class="method-name">ERT_SUMM_17_Validate_ERT_count</span>
                <span class="method-start">290257 ms</span>
              </div> <!-- test-method -->
              <div class="configuration-method after">
                <span class="method-name">afterMethod([TestResult name=ERT_SUMM_17_Validate_ERT_count status=SUCCESS method=ReportsSiute.ERT_SUMM_17_Valid...)</span>
                <span class="method-start">290260 ms</span>
              </div> <!-- configuration-method after -->
              <div class="configuration-method before">
                <span class="method-name">beforeMethod(public static void com.Cogniphy.Protection.Muthoot.TestSuites.ReportsSiute.ERT_SUMM_18_Verify_Report...)</span>
                <span class="method-start">290260 ms</span>
              </div> <!-- configuration-method before -->
              <div class="test-method">
                <span class="method-name">ERT_SUMM_18_Verify_ReportAt_TimeFormat</span>
                <span class="method-start">290261 ms</span>
              </div> <!-- test-method -->
              <div class="configuration-method after">
                <span class="method-name">afterMethod([TestResult name=ERT_SUMM_18_Verify_ReportAt_TimeFormat status=SUCCESS method=ReportsSiute.ERT_SUMM_...)</span>
                <span class="method-start">291662 ms</span>
              </div> <!-- configuration-method after -->
              <div class="configuration-method before">
                <span class="method-name">beforeMethod(public static void com.Cogniphy.Protection.Muthoot.TestSuites.ReportsSiute.ERT_SUMM_19_Validate_the_...)</span>
                <span class="method-start">291663 ms</span>
              </div> <!-- configuration-method before -->
              <div class="test-method">
                <span class="method-name">ERT_SUMM_19_Validate_the_ERT_Reported_AT_Column</span>
                <span class="method-start">291663 ms</span>
              </div> <!-- test-method -->
              <div class="configuration-method after">
                <span class="method-name">afterMethod([TestResult name=ERT_SUMM_19_Validate_the_ERT_Reported_AT_Column status=SUCCESS method=ReportsSiute....)</span>
                <span class="method-start">291732 ms</span>
              </div> <!-- configuration-method after -->
              <div class="configuration-method before">
                <span class="method-name">beforeMethod(public static void com.Cogniphy.Protection.Muthoot.TestSuites.ReportsSiute.ERT_SUMM_20_Validate_Repo...)</span>
                <span class="method-start">291732 ms</span>
              </div> <!-- configuration-method before -->
              <div class="test-method">
                <span class="method-name">ERT_SUMM_20_Validate_ReportAt_with_GaurdCheckList_ReportTime</span>
                <span class="method-start">291732 ms</span>
              </div> <!-- test-method -->
              <div class="configuration-method after">
                <span class="method-name">afterMethod([TestResult name=ERT_SUMM_20_Validate_ReportAt_with_GaurdCheckList_ReportTime status=SUCCESS method=...)</span>
                <span class="method-start">291732 ms</span>
              </div> <!-- configuration-method after -->
              <div class="configuration-method before">
                <span class="method-name">beforeMethod(public static void com.Cogniphy.Protection.Muthoot.TestSuites.ReportsSiute.ERT_SUMM_21_22_Validate_N...)</span>
                <span class="method-start">291732 ms</span>
              </div> <!-- configuration-method before -->
              <div class="test-method">
                <span class="method-name">ERT_SUMM_21_22_Validate_No_of_the_branches_visited_column</span>
                <span class="method-start">291732 ms</span>
              </div> <!-- test-method -->
              <div class="configuration-method after">
                <span class="method-name">afterMethod([TestResult name=ERT_SUMM_21_22_Validate_No_of_the_branches_visited_column status=SUCCESS method=Rep...)</span>
                <span class="method-start">296211 ms</span>
              </div> <!-- configuration-method after -->
              <div class="configuration-method before">
                <span class="method-name">beforeMethod(public static void com.Cogniphy.Protection.Muthoot.TestSuites.ReportsSiute.ERT_SUMM_27_Validate_ADTR...)</span>
                <span class="method-start">296211 ms</span>
              </div> <!-- configuration-method before -->
              <div class="test-method">
                <span class="method-name">ERT_SUMM_27_Validate_ADTRecived_Time</span>
                <span class="method-start">296211 ms</span>
              </div> <!-- test-method -->
              <div class="configuration-method after">
                <span class="method-name">afterMethod([TestResult name=ERT_SUMM_27_Validate_ADTRecived_Time status=SUCCESS method=ReportsSiute.ERT_SUMM_27...)</span>
                <span class="method-start">296227 ms</span>
              </div> <!-- configuration-method after -->
              <div class="configuration-method before">
                <span class="method-name">beforeMethod(public static void com.Cogniphy.Protection.Muthoot.TestSuites.ReportsSiute.ERT_SUMM_31_Verify_timeOf...)</span>
                <span class="method-start">296227 ms</span>
              </div> <!-- configuration-method before -->
              <div class="test-method">
                <span class="method-name">ERT_SUMM_31_Verify_timeOf_Arrival_At_destination</span>
                <span class="method-start">296227 ms</span>
              </div> <!-- test-method -->
              <div class="configuration-method after">
                <span class="method-name">afterMethod([TestResult name=ERT_SUMM_31_Verify_timeOf_Arrival_At_destination status=SUCCESS method=ReportsSiute...)</span>
                <span class="method-start">296321 ms</span>
              </div> <!-- configuration-method after -->
              <div class="configuration-method before">
                <span class="method-name">beforeMethod(public static void com.Cogniphy.Protection.Muthoot.TestSuites.ReportsSiute.ERT_SUMM_32_Verify_Total_...)</span>
                <span class="method-start">296321 ms</span>
              </div> <!-- configuration-method before -->
              <div class="test-method">
                <span class="method-name">ERT_SUMM_32_Verify_Total_responding_Time</span>
                <span class="method-start">296321 ms</span>
              </div> <!-- test-method -->
              <div class="configuration-method after">
                <span class="method-name">afterMethod([TestResult name=ERT_SUMM_32_Verify_Total_responding_Time status=SUCCESS method=ReportsSiute.ERT_SUM...)</span>
                <span class="method-start">296430 ms</span>
              </div> <!-- configuration-method after -->
              <div class="configuration-method before">
                <span class="method-name">beforeMethod(public static void com.Cogniphy.Protection.Muthoot.TestSuites.ReportsSiute.ERT_SUMM_33_34_Verify_KM_...)</span>
                <span class="method-start">296430 ms</span>
              </div> <!-- configuration-method before -->
              <div class="test-method">
                <img src="failed.png">
                </img>
                <span class="method-name">ERT_SUMM_33_34_Verify_KM_coveredIn_ADT</span>
                <span class="method-start">296430 ms</span>
              </div> <!-- test-method -->
              <div class="configuration-method after">
                <span class="method-name">afterMethod([TestResult name=ERT_SUMM_33_34_Verify_KM_coveredIn_ADT status=FAILURE method=ReportsSiute.ERT_SUMM_...)</span>
                <span class="method-start">296461 ms</span>
              </div> <!-- configuration-method after -->
              <div class="configuration-method before">
                <span class="method-name">beforeMethod(public static void com.Cogniphy.Protection.Muthoot.TestSuites.ReportsSiute.ERT_SUMM_35_Validate_Tota...)</span>
                <span class="method-start">296820 ms</span>
              </div> <!-- configuration-method before -->
              <div class="test-method">
                <img src="failed.png">
                </img>
                <span class="method-name">ERT_SUMM_35_Validate_Total_KM_run_by_ERT</span>
                <span class="method-start">296820 ms</span>
              </div> <!-- test-method -->
              <div class="configuration-method after">
                <span class="method-name">afterMethod([TestResult name=ERT_SUMM_35_Validate_Total_KM_run_by_ERT status=FAILURE method=ReportsSiute.ERT_SUM...)</span>
                <span class="method-start">297317 ms</span>
              </div> <!-- configuration-method after -->
              <div class="configuration-method before">
                <span class="method-name">beforeMethod(public static void com.Cogniphy.Protection.Muthoot.TestSuites.ReportsSiute.ERT_SUMM_37_38_Validate_t...)</span>
                <span class="method-start">297633 ms</span>
              </div> <!-- configuration-method before -->
              <div class="test-method">
                <span class="method-name">ERT_SUMM_37_38_Validate_the_ERT_Relieving_Time_column</span>
                <span class="method-start">297633 ms</span>
              </div> <!-- test-method -->
              <div class="configuration-method after">
                <span class="method-name">afterMethod([TestResult name=ERT_SUMM_37_38_Validate_the_ERT_Relieving_Time_column status=SUCCESS method=Reports...)</span>
                <span class="method-start">297769 ms</span>
              </div> <!-- configuration-method after -->
              <div class="configuration-method before">
                <span class="method-name">beforeMethod(public static void com.Cogniphy.Protection.Muthoot.TestSuites.ReportsSiute.ERT_SUMM_39_Verify_the_Ir...)</span>
                <span class="method-start">297770 ms</span>
              </div> <!-- configuration-method before -->
              <div class="test-method">
                <span class="method-name">ERT_SUMM_39_Verify_the_Irregularities_column</span>
                <span class="method-start">297770 ms</span>
              </div> <!-- test-method -->
              <div class="configuration-method after">
                <span class="method-name">afterMethod([TestResult name=ERT_SUMM_39_Verify_the_Irregularities_column status=SUCCESS method=ReportsSiute.ERT...)</span>
                <span class="method-start">297902 ms</span>
              </div> <!-- configuration-method after -->
              <div class="configuration-method before">
                <span class="method-name">beforeMethod(public static void com.Cogniphy.Protection.Muthoot.TestSuites.ReportsSiute.ERT_SUMM_40_Verify_Action...)</span>
                <span class="method-start">297902 ms</span>
              </div> <!-- configuration-method before -->
              <div class="test-method">
                <span class="method-name">ERT_SUMM_40_Verify_Action_taken_by_ERT_and_RCR_Column</span>
                <span class="method-start">297902 ms</span>
              </div> <!-- test-method -->
              <div class="configuration-method after">
                <span class="method-name">afterMethod([TestResult name=ERT_SUMM_40_Verify_Action_taken_by_ERT_and_RCR_Column status=SUCCESS method=Reports...)</span>
                <span class="method-start">298085 ms</span>
              </div> <!-- configuration-method after -->
              <div class="configuration-method before">
                <span class="method-name">beforeMethod(public static void com.Cogniphy.Protection.Muthoot.TestSuites.ReportsSiute.ERT_SUMM_41_42_Verify_Act...)</span>
                <span class="method-start">298085 ms</span>
              </div> <!-- configuration-method before -->
              <div class="test-method">
                <span class="method-name">ERT_SUMM_41_42_Verify_Action_taken_by_ERT_and_RCR_Column</span>
                <span class="method-start">298085 ms</span>
              </div> <!-- test-method -->
              <div class="configuration-method after">
                <span class="method-name">afterMethod([TestResult name=ERT_SUMM_41_42_Verify_Action_taken_by_ERT_and_RCR_Column status=SUCCESS method=Repo...)</span>
                <span class="method-start">298241 ms</span>
              </div> <!-- configuration-method after -->
              <div class="configuration-method before">
                <span class="method-name">beforeMethod(public static void com.Cogniphy.Protection.Muthoot.TestSuites.ReportsSiute.ERT_SUMM_43_44_45_Validat...)</span>
                <span class="method-start">298241 ms</span>
              </div> <!-- configuration-method before -->
              <div class="test-method">
                <span class="method-name">ERT_SUMM_43_44_45_Validate_odometer_Values</span>
                <span class="method-start">298241 ms</span>
              </div> <!-- test-method -->
              <div class="configuration-method after">
                <span class="method-name">afterMethod([TestResult name=ERT_SUMM_43_44_45_Validate_odometer_Values status=SUCCESS method=ReportsSiute.ERT_S...)</span>
                <span class="method-start">298601 ms</span>
              </div> <!-- configuration-method after -->
              <div class="configuration-method before">
                <span class="method-name">beforeMethod(public static void com.Cogniphy.Protection.Muthoot.TestSuites.ReportsSiute.ERT_SUMM_46_Validate_tota...)</span>
                <span class="method-start">298601 ms</span>
              </div> <!-- configuration-method before -->
              <div class="test-method">
                <img src="failed.png">
                </img>
                <span class="method-name">ERT_SUMM_46_Validate_total_Count</span>
                <span class="method-start">298601 ms</span>
              </div> <!-- test-method -->
              <div class="configuration-method after">
                <span class="method-name">afterMethod([TestResult name=ERT_SUMM_46_Validate_total_Count status=FAILURE method=ReportsSiute.ERT_SUMM_46_Val...)</span>
                <span class="method-start">298616 ms</span>
              </div> <!-- configuration-method after -->
              <div class="configuration-class after">
                <span class="method-name">toEndTest</span>
                <span class="method-start">298880 ms</span>
              </div> <!-- configuration-class after -->
              <div class="configuration-test after">
                <span class="method-name">afterTest</span>
                <span class="method-start">299755 ms</span>
              </div> <!-- configuration-test after -->
          </div> <!-- main-panel-content rounded-window-bottom -->
        </div> <!-- panel -->
      </div> <!-- main-panel-root -->
    </div> <!-- wrapper -->
  </body>
</html>
