<?xml version="1.0" encoding="UTF-8"?>
<!-- Generated by org.testng.reporters.JUnitXMLReporter -->
<testsuite hostname="user" name="ERTPerformanceResult" tests="12" failures="0" timestamp="5 Mar 2018 12:24:52 GMT" time="4.482" errors="0">
  <testcase name="@BeforeClass beforeClass" time="0.0" classname="com.Cogniphy.Protection.Muthoot.TestSuites.ERTPerformance_Suite">
    <failure type="org.openqa.selenium.NoSuchWindowException" message="no such window: target window already closed
from unknown error: web view not found
  (Session info: chrome=64.0.3282.186)
  (Driver info: chromedriver=2.33.506120 (e3e53437346286c0bc2d2dc9aa4915ba81d9023f),platform=Windows NT 6.3.9600 x86_64) (WARNING: The server did not provide any stacktrace information)
Command duration or timeout: 0 milliseconds
Build info: version: &amp;apos;3.8.1&amp;apos;, revision: &amp;apos;6e95a6684b&amp;apos;, time: &amp;apos;2017-12-01T18:33:54.468Z&amp;apos;
System info: host: &amp;apos;USER&amp;apos;, ip: &amp;apos;192.168.2.109&amp;apos;, os.name: &amp;apos;Windows 8.1&amp;apos;, os.arch: &amp;apos;amd64&amp;apos;, os.version: &amp;apos;6.3&amp;apos;, java.version: &amp;apos;1.8.0_91&amp;apos;
Driver info: org.openqa.selenium.chrome.ChromeDriver
Capabilities {acceptSslCerts: true, applicationCacheEnabled: false, browserConnectionEnabled: false, browserName: chrome, chrome: {chromedriverVersion: 2.33.506120 (e3e53437346286..., userDataDir: C:\Users\121\AppData\Local\...}, cssSelectorsEnabled: true, databaseEnabled: false, handlesAlerts: true, hasTouchScreen: false, javascriptEnabled: true, locationContextEnabled: true, mobileEmulationEnabled: false, nativeEvents: true, networkConnectionEnabled: false, pageLoadStrategy: normal, platform: XP, platformName: XP, rotatable: false, setWindowRect: true, takesHeapSnapshot: true, takesScreenshot: true, unexpectedAlertBehaviour: , unhandledPromptBehavior: , version: 64.0.3282.186, webStorageEnabled: true}
Session ID: 84c8c3934a5ab5de7957e005c782785f
*** Element info: {Using=id, value=username}">
      <![CDATA[org.openqa.selenium.NoSuchWindowException: no such window: target window already closed
from unknown error: web view not found
  (Session info: chrome=64.0.3282.186)
  (Driver info: chromedriver=2.33.506120 (e3e53437346286c0bc2d2dc9aa4915ba81d9023f),platform=Windows NT 6.3.9600 x86_64) (WARNING: The server did not provide any stacktrace information)
Command duration or timeout: 0 milliseconds
Build info: version: '3.8.1', revision: '6e95a6684b', time: '2017-12-01T18:33:54.468Z'
System info: host: 'USER', ip: '192.168.2.109', os.name: 'Windows 8.1', os.arch: 'amd64', os.version: '6.3', java.version: '1.8.0_91'
Driver info: org.openqa.selenium.chrome.ChromeDriver
Capabilities {acceptSslCerts: true, applicationCacheEnabled: false, browserConnectionEnabled: false, browserName: chrome, chrome: {chromedriverVersion: 2.33.506120 (e3e53437346286..., userDataDir: C:\Users\121\AppData\Local\...}, cssSelectorsEnabled: true, databaseEnabled: false, handlesAlerts: true, hasTouchScreen: false, javascriptEnabled: true, locationContextEnabled: true, mobileEmulationEnabled: false, nativeEvents: true, networkConnectionEnabled: false, pageLoadStrategy: normal, platform: XP, platformName: XP, rotatable: false, setWindowRect: true, takesHeapSnapshot: true, takesScreenshot: true, unexpectedAlertBehaviour: , unhandledPromptBehavior: , version: 64.0.3282.186, webStorageEnabled: true}
Session ID: 84c8c3934a5ab5de7957e005c782785f
*** Element info: {Using=id, value=username}
	at org.openqa.selenium.remote.ErrorHandler.createThrowable(ErrorHandler.java:214)
	at org.openqa.selenium.remote.ErrorHandler.throwIfResponseFailed(ErrorHandler.java:166)
	at org.openqa.selenium.remote.http.JsonHttpResponseCodec.reconstructValue(JsonHttpResponseCodec.java:40)
	at org.openqa.selenium.remote.http.AbstractHttpResponseCodec.decode(AbstractHttpResponseCodec.java:80)
	at org.openqa.selenium.remote.http.AbstractHttpResponseCodec.decode(AbstractHttpResponseCodec.java:44)
	at org.openqa.selenium.remote.HttpCommandExecutor.execute(HttpCommandExecutor.java:164)
	at org.openqa.selenium.remote.service.DriverCommandExecutor.execute(DriverCommandExecutor.java:83)
	at org.openqa.selenium.remote.RemoteWebDriver.execute(RemoteWebDriver.java:601)
	at org.openqa.selenium.remote.RemoteWebDriver.findElement(RemoteWebDriver.java:371)
	at org.openqa.selenium.remote.RemoteWebDriver.findElementById(RemoteWebDriver.java:417)
	at org.openqa.selenium.By$ById.findElement(By.java:218)
	at org.openqa.selenium.remote.RemoteWebDriver.findElement(RemoteWebDriver.java:363)
	at com.Cogniphy.Protection.Muthoot.Utility.LogIn.chrome_LogIn(LogIn.java:16)
	at com.Cogniphy.Protection.Muthoot.Utility.BaseClass.beforeClass(BaseClass.java:103)
... Removed 28 stack frames]]>
    </failure>
  </testcase> <!-- @BeforeClass beforeClass -->
  <testcase name="@BeforeMethod beforeMethod" time="0.0" classname="com.Cogniphy.Protection.Muthoot.TestSuites.ERTPerformance_Suite">
    <skipped/>
  </testcase> <!-- @BeforeMethod beforeMethod -->
  <testcase name="@AfterMethod afterMethod" time="0.0" classname="com.Cogniphy.Protection.Muthoot.TestSuites.ERTPerformance_Suite">
    <skipped/>
  </testcase> <!-- @AfterMethod afterMethod -->
  <testcase name="@BeforeMethod beforeMethod" time="0.0" classname="com.Cogniphy.Protection.Muthoot.TestSuites.ERTPerformance_Suite">
    <skipped/>
  </testcase> <!-- @BeforeMethod beforeMethod -->
  <testcase name="@AfterMethod afterMethod" time="0.0" classname="com.Cogniphy.Protection.Muthoot.TestSuites.ERTPerformance_Suite">
    <skipped/>
  </testcase> <!-- @AfterMethod afterMethod -->
  <testcase name="@BeforeMethod beforeMethod" time="0.0" classname="com.Cogniphy.Protection.Muthoot.TestSuites.ERTPerformance_Suite">
    <skipped/>
  </testcase> <!-- @BeforeMethod beforeMethod -->
  <testcase name="@AfterMethod afterMethod" time="0.0" classname="com.Cogniphy.Protection.Muthoot.TestSuites.ERTPerformance_Suite">
    <skipped/>
  </testcase> <!-- @AfterMethod afterMethod -->
  <testcase name="@BeforeMethod beforeMethod" time="0.0" classname="com.Cogniphy.Protection.Muthoot.TestSuites.ERTPerformance_Suite">
    <skipped/>
  </testcase> <!-- @BeforeMethod beforeMethod -->
  <testcase name="@AfterMethod afterMethod" time="0.0" classname="com.Cogniphy.Protection.Muthoot.TestSuites.ERTPerformance_Suite">
    <skipped/>
  </testcase> <!-- @AfterMethod afterMethod -->
  <testcase name="@BeforeMethod beforeMethod" time="0.0" classname="com.Cogniphy.Protection.Muthoot.TestSuites.ERTPerformance_Suite">
    <skipped/>
  </testcase> <!-- @BeforeMethod beforeMethod -->
  <testcase name="@AfterMethod afterMethod" time="0.0" classname="com.Cogniphy.Protection.Muthoot.TestSuites.ERTPerformance_Suite">
    <skipped/>
  </testcase> <!-- @AfterMethod afterMethod -->
  <testcase name="@BeforeMethod beforeMethod" time="0.0" classname="com.Cogniphy.Protection.Muthoot.TestSuites.ERTPerformance_Suite">
    <skipped/>
  </testcase> <!-- @BeforeMethod beforeMethod -->
  <testcase name="@AfterMethod afterMethod" time="0.0" classname="com.Cogniphy.Protection.Muthoot.TestSuites.ERTPerformance_Suite">
    <skipped/>
  </testcase> <!-- @AfterMethod afterMethod -->
  <testcase name="@BeforeMethod beforeMethod" time="0.0" classname="com.Cogniphy.Protection.Muthoot.TestSuites.ERTPerformance_Suite">
    <skipped/>
  </testcase> <!-- @BeforeMethod beforeMethod -->
  <testcase name="@AfterMethod afterMethod" time="0.0" classname="com.Cogniphy.Protection.Muthoot.TestSuites.ERTPerformance_Suite">
    <skipped/>
  </testcase> <!-- @AfterMethod afterMethod -->
  <testcase name="@BeforeMethod beforeMethod" time="0.0" classname="com.Cogniphy.Protection.Muthoot.TestSuites.ERTPerformance_Suite">
    <skipped/>
  </testcase> <!-- @BeforeMethod beforeMethod -->
  <testcase name="@AfterMethod afterMethod" time="0.0" classname="com.Cogniphy.Protection.Muthoot.TestSuites.ERTPerformance_Suite">
    <skipped/>
  </testcase> <!-- @AfterMethod afterMethod -->
  <testcase name="@BeforeMethod beforeMethod" time="0.0" classname="com.Cogniphy.Protection.Muthoot.TestSuites.ERTPerformance_Suite">
    <skipped/>
  </testcase> <!-- @BeforeMethod beforeMethod -->
  <testcase name="@AfterMethod afterMethod" time="0.0" classname="com.Cogniphy.Protection.Muthoot.TestSuites.ERTPerformance_Suite">
    <skipped/>
  </testcase> <!-- @AfterMethod afterMethod -->
  <testcase name="@BeforeMethod beforeMethod" time="0.0" classname="com.Cogniphy.Protection.Muthoot.TestSuites.ERTPerformance_Suite">
    <skipped/>
  </testcase> <!-- @BeforeMethod beforeMethod -->
  <testcase name="@AfterMethod afterMethod" time="0.0" classname="com.Cogniphy.Protection.Muthoot.TestSuites.ERTPerformance_Suite">
    <skipped/>
  </testcase> <!-- @AfterMethod afterMethod -->
  <testcase name="@BeforeMethod beforeMethod" time="0.0" classname="com.Cogniphy.Protection.Muthoot.TestSuites.ERTPerformance_Suite">
    <skipped/>
  </testcase> <!-- @BeforeMethod beforeMethod -->
  <testcase name="@AfterMethod afterMethod" time="0.0" classname="com.Cogniphy.Protection.Muthoot.TestSuites.ERTPerformance_Suite">
    <skipped/>
  </testcase> <!-- @AfterMethod afterMethod -->
  <testcase name="@BeforeMethod beforeMethod" time="0.0" classname="com.Cogniphy.Protection.Muthoot.TestSuites.ERTPerformance_Suite">
    <skipped/>
  </testcase> <!-- @BeforeMethod beforeMethod -->
  <testcase name="@AfterMethod afterMethod" time="0.0" classname="com.Cogniphy.Protection.Muthoot.TestSuites.ERTPerformance_Suite">
    <skipped/>
  </testcase> <!-- @AfterMethod afterMethod -->
  <testcase name="@AfterClass toEndTest" time="0.0" classname="com.Cogniphy.Protection.Muthoot.TestSuites.ERTPerformance_Suite">
    <skipped/>
  </testcase> <!-- @AfterClass toEndTest -->
  <testcase name="@AfterTest afterTest" time="0.0" classname="com.Cogniphy.Protection.Muthoot.TestSuites.ERTPerformance_Suite">
    <skipped/>
  </testcase> <!-- @AfterTest afterTest -->
  <testcase name="TC_001_Login" time="0.001" classname="com.Cogniphy.Protection.Muthoot.TestSuites.ERTPerformance_Suite">
    <skipped/>
  </testcase> <!-- TC_001_Login -->
  <testcase name="TC_002_Verify_the_Performance_Report_in_the_submenu" time="0.002" classname="com.Cogniphy.Protection.Muthoot.TestSuites.ERTPerformance_Suite">
    <skipped/>
  </testcase> <!-- TC_002_Verify_the_Performance_Report_in_the_submenu -->
  <testcase name="TC_003_verify_Tab_Status" time="0.002" classname="com.Cogniphy.Protection.Muthoot.TestSuites.ERTPerformance_Suite">
    <skipped/>
  </testcase> <!-- TC_003_verify_Tab_Status -->
  <testcase name="TC_004_verify_ManualAtendance_column" time="0.002" classname="com.Cogniphy.Protection.Muthoot.TestSuites.ERTPerformance_Suite">
    <skipped/>
  </testcase> <!-- TC_004_verify_ManualAtendance_column -->
  <testcase name="TC_005_verify_Biometric_Atendance_column" time="0.001" classname="com.Cogniphy.Protection.Muthoot.TestSuites.ERTPerformance_Suite">
    <skipped/>
  </testcase> <!-- TC_005_verify_Biometric_Atendance_column -->
  <testcase name="TC_006_verify_ADT_Violation" time="0.001" classname="com.Cogniphy.Protection.Muthoot.TestSuites.ERTPerformance_Suite">
    <skipped/>
  </testcase> <!-- TC_006_verify_ADT_Violation -->
  <testcase name="TC_007_verify_GaurdCheckList" time="0.005" classname="com.Cogniphy.Protection.Muthoot.TestSuites.ERTPerformance_Suite">
    <skipped/>
  </testcase> <!-- TC_007_verify_GaurdCheckList -->
  <testcase name="TC_008_verify_BranchCheckList" time="0.001" classname="com.Cogniphy.Protection.Muthoot.TestSuites.ERTPerformance_Suite">
    <skipped/>
  </testcase> <!-- TC_008_verify_BranchCheckList -->
  <testcase name="TC_009_verify_BeatDeviation" time="0.002" classname="com.Cogniphy.Protection.Muthoot.TestSuites.ERTPerformance_Suite">
    <skipped/>
  </testcase> <!-- TC_009_verify_BeatDeviation -->
  <testcase name="TC_010_verify_SchedulDeviation" time="0.001" classname="com.Cogniphy.Protection.Muthoot.TestSuites.ERTPerformance_Suite">
    <skipped/>
  </testcase> <!-- TC_010_verify_SchedulDeviation -->
  <testcase name="TC_011_verify_IncdenPerformance" time="0.001" classname="com.Cogniphy.Protection.Muthoot.TestSuites.ERTPerformance_Suite">
    <skipped/>
  </testcase> <!-- TC_011_verify_IncdenPerformance -->
  <testcase name="TC_012_verify_CheckInCheckoutDeviation" time="0.001" classname="com.Cogniphy.Protection.Muthoot.TestSuites.ERTPerformance_Suite">
    <skipped/>
  </testcase> <!-- TC_012_verify_CheckInCheckoutDeviation -->
</testsuite> <!-- ERTPerformanceResult -->
