<html>
<head>
<title>TestNG:  Default test</title>
<link href="../testng.css" rel="stylesheet" type="text/css" />
<link href="../my-testng.css" rel="stylesheet" type="text/css" />

<style type="text/css">
.log { display: none;} 
.stack-trace { display: none;} 
</style>
<script type="text/javascript">
<!--
function flip(e) {
  current = e.style.display;
  if (current == 'block') {
    e.style.display = 'none';
    return 0;
  }
  else {
    e.style.display = 'block';
    return 1;
  }
}

function toggleBox(szDivId, elem, msg1, msg2)
{
  var res = -1;  if (document.getElementById) {
    res = flip(document.getElementById(szDivId));
  }
  else if (document.all) {
    // this is the way old msie versions work
    res = flip(document.all[szDivId]);
  }
  if(elem) {
    if(res == 0) elem.innerHTML = msg1; else elem.innerHTML = msg2;
  }

}

function toggleAllBoxes() {
  if (document.getElementsByTagName) {
    d = document.getElementsByTagName('div');
    for (i = 0; i < d.length; i++) {
      if (d[i].className == 'log') {
        flip(d[i]);
      }
    }
  }
}

// -->
</script>

</head>
<body>
<h2 align='center'>Default test</h2><table border='1' align="center">
<tr>
<td>Tests passed/Failed/Skipped:</td><td>22/5/0</td>
</tr><tr>
<td>Started on:</td><td>Mon Mar 05 16:25:19 IST 2018</td>
</tr>
<tr><td>Total time:</td><td>300 seconds (300604 ms)</td>
</tr><tr>
<td>Included groups:</td><td></td>
</tr><tr>
<td>Excluded groups:</td><td></td>
</tr>
</table><p/>
<small><i>(Hover the method name to see the test class name)</i></small><p/>
<table width='100%' border='1' class='invocation-failed'>
<tr><td colspan='4' align='center'><b>FAILED TESTS</b></td></tr>
<tr><td><b>Test method</b></td>
<td width="30%"><b>Exception</b></td>
<td width="10%"><b>Time (seconds)</b></td>
<td><b>Instance</b></td>
</tr>
<tr>
<td title='com.Cogniphy.Protection.Muthoot.TestSuites.ReportsSiute.ERT_SUMM_09_Verify_ReportTitle()'><b>ERT_SUMM_09_Verify_ReportTitle</b><br>Test class: com.Cogniphy.Protection.Muthoot.TestSuites.ReportsSiute</td>
<td><div><pre>java.lang.AssertionError: Does Not Match expected [ERT ACTION REPORT SUMMARY OF RCR MUTHOOT KOCHI - RCR REGION ON 18 DEC 2017 Morning ERT] but found [2018-03-05 Morning ERT]
	at org.testng.Assert.fail(Assert.java:94)
	at org.testng.Assert.failNotEquals(Assert.java:513)
	at org.testng.Assert.assertEqualsImpl(Assert.java:135)
	at org.testng.Assert.assertEquals(Assert.java:116)
	at org.testng.Assert.assertEquals(Assert.java:190)
	at com.Cogniphy.Protection.Muthoot.Reports.ERTSummay_Report.verifyReportTitle(ERTSummay_Report.java:44)
	at com.Cogniphy.Protection.Muthoot.TestSuites.ReportsSiute.ERT_SUMM_09_Verify_ReportTitle(ReportsSiute.java:91)
	at sun.reflect.NativeMethodAccessorImpl.invoke0(Native Method)
	at sun.reflect.NativeMethodAccessorImpl.invoke(Unknown Source)
	at sun.reflect.DelegatingMethodAccessorImpl.invoke(Unknown Source)
	at java.lang.reflect.Method.invoke(Unknown Source)
	at org.testng.internal.MethodInvocationHelper.invokeMethod(MethodInvocationHelper.java:86)
	at org.testng.internal.Invoker.invokeMethod(Invoker.java:643)
	at org.testng.internal.Invoker.invokeTestMethod(Invoker.java:820)
	at org.testng.internal.Invoker.invokeTestMethods(Invoker.java:1128)
	at org.testng.internal.TestMethodWorker.invokeTestMethods(TestMethodWorker.java:129)
	at org.testng.internal.TestMethodWorker.run(TestMethodWorker.java:112)
	at org.testng.TestRunner.privateRun(TestRunner.java:782)
	at org.testng.TestRunner.run(TestRunner.java:632)
	at org.testng.SuiteRunner.runTest(SuiteRunner.java:366)
	at org.testng.SuiteRunner.runSequentially(SuiteRunner.java:361)
	at org.testng.SuiteRunner.privateRun(SuiteRunner.java:319)
	at org.testng.SuiteRunner.run(SuiteRunner.java:268)
	at org.testng.SuiteRunnerWorker.runSuite(SuiteRunnerWorker.java:52)
	at org.testng.SuiteRunnerWorker.run(SuiteRunnerWorker.java:86)
	at org.testng.TestNG.runSuitesSequentially(TestNG.java:1244)
	at org.testng.TestNG.runSuitesLocally(TestNG.java:1169)
	at org.testng.TestNG.run(TestNG.java:1064)
	at org.testng.remote.AbstractRemoteTestNG.run(AbstractRemoteTestNG.java:114)
	at org.testng.remote.RemoteTestNG.initAndRun(RemoteTestNG.java:251)
	at org.testng.remote.RemoteTestNG.main(RemoteTestNG.java:77)
</pre></div><a href='#' onClick='toggleBox("stack-trace366803687", this, "Click to show all stack frames", "Click to hide stack frames")'>Click to show all stack frames</a>
<div class='stack-trace' id='stack-trace366803687'><pre>java.lang.AssertionError: Does Not Match expected [ERT ACTION REPORT SUMMARY OF RCR MUTHOOT KOCHI - RCR REGION ON 18 DEC 2017 Morning ERT] but found [2018-03-05 Morning ERT]
	at org.testng.Assert.fail(Assert.java:94)
	at org.testng.Assert.failNotEquals(Assert.java:513)
	at org.testng.Assert.assertEqualsImpl(Assert.java:135)
	at org.testng.Assert.assertEquals(Assert.java:116)
	at org.testng.Assert.assertEquals(Assert.java:190)
	at com.Cogniphy.Protection.Muthoot.Reports.ERTSummay_Report.verifyReportTitle(ERTSummay_Report.java:44)
	at com.Cogniphy.Protection.Muthoot.TestSuites.ReportsSiute.ERT_SUMM_09_Verify_ReportTitle(ReportsSiute.java:91)
	at sun.reflect.NativeMethodAccessorImpl.invoke0(Native Method)
	at sun.reflect.NativeMethodAccessorImpl.invoke(Unknown Source)
	at sun.reflect.DelegatingMethodAccessorImpl.invoke(Unknown Source)
	at java.lang.reflect.Method.invoke(Unknown Source)
	at org.testng.internal.MethodInvocationHelper.invokeMethod(MethodInvocationHelper.java:86)
	at org.testng.internal.Invoker.invokeMethod(Invoker.java:643)
	at org.testng.internal.Invoker.invokeTestMethod(Invoker.java:820)
	at org.testng.internal.Invoker.invokeTestMethods(Invoker.java:1128)
	at org.testng.internal.TestMethodWorker.invokeTestMethods(TestMethodWorker.java:129)
	at org.testng.internal.TestMethodWorker.run(TestMethodWorker.java:112)
	at org.testng.TestRunner.privateRun(TestRunner.java:782)
	at org.testng.TestRunner.run(TestRunner.java:632)
	at org.testng.SuiteRunner.runTest(SuiteRunner.java:366)
	at org.testng.SuiteRunner.runSequentially(SuiteRunner.java:361)
	at org.testng.SuiteRunner.privateRun(SuiteRunner.java:319)
	at org.testng.SuiteRunner.run(SuiteRunner.java:268)
	at org.testng.SuiteRunnerWorker.runSuite(SuiteRunnerWorker.java:52)
	at org.testng.SuiteRunnerWorker.run(SuiteRunnerWorker.java:86)
	at org.testng.TestNG.runSuitesSequentially(TestNG.java:1244)
	at org.testng.TestNG.runSuitesLocally(TestNG.java:1169)
	at org.testng.TestNG.run(TestNG.java:1064)
	at org.testng.remote.AbstractRemoteTestNG.run(AbstractRemoteTestNG.java:114)
	at org.testng.remote.RemoteTestNG.initAndRun(RemoteTestNG.java:251)
	at org.testng.remote.RemoteTestNG.main(RemoteTestNG.java:77)
</pre></div></td>
<td>0</td>
<td>com.Cogniphy.Protection.Muthoot.TestSuites.ReportsSiute@44c8afef</td></tr>
<tr>
<td title='com.Cogniphy.Protection.Muthoot.TestSuites.ReportsSiute.ERT_SUMM_16_Verify_ERTColumn()'><b>ERT_SUMM_16_Verify_ERTColumn</b><br>Test class: com.Cogniphy.Protection.Muthoot.TestSuites.ReportsSiute</td>
<td><div><pre>org.openqa.selenium.StaleElementReferenceException: stale element reference: element is not attached to the page document
  (Session info: chrome=64.0.3282.186)
  (Driver info: chromedriver=2.33.506120 (e3e53437346286c0bc2d2dc9aa4915ba81d9023f),platform=Windows NT 6.3.9600 x86_64) (WARNING: The server did not provide any stacktrace information)
Command duration or timeout: 0 milliseconds
For documentation on this error, please visit: http://seleniumhq.org/exceptions/stale_element_reference.html
Build info: version: &apos;3.8.1&apos;, revision: &apos;6e95a6684b&apos;, time: &apos;2017-12-01T18:33:54.468Z&apos;
System info: host: &apos;USER&apos;, ip: &apos;192.168.2.109&apos;, os.name: &apos;Windows 8.1&apos;, os.arch: &apos;amd64&apos;, os.version: &apos;6.3&apos;, java.version: &apos;1.8.0_91&apos;
Driver info: org.openqa.selenium.chrome.ChromeDriver
Capabilities {acceptSslCerts: true, applicationCacheEnabled: false, browserConnectionEnabled: false, browserName: chrome, chrome: {chromedriverVersion: 2.33.506120 (e3e53437346286..., userDataDir: C:\Users\121\AppData\Local\...}, cssSelectorsEnabled: true, databaseEnabled: false, handlesAlerts: true, hasTouchScreen: false, javascriptEnabled: true, locationContextEnabled: true, mobileEmulationEnabled: false, nativeEvents: true, networkConnectionEnabled: false, pageLoadStrategy: normal, platform: XP, platformName: XP, rotatable: false, setWindowRect: true, takesHeapSnapshot: true, takesScreenshot: true, unexpectedAlertBehaviour: , unhandledPromptBehavior: , version: 64.0.3282.186, webStorageEnabled: true}
Session ID: 8dbba936c255816e9b354797745ed300
	at sun.reflect.NativeConstructorAccessorImpl.newInstance0(Native Method)
	at sun.reflect.NativeConstructorAccessorImpl.newInstance(Unknown Source)
	at sun.reflect.DelegatingConstructorAccessorImpl.newInstance(Unknown Source)
	at java.lang.reflect.Constructor.newInstance(Unknown Source)
	at org.openqa.selenium.remote.ErrorHandler.createThrowable(ErrorHandler.java:214)
	at org.openqa.selenium.remote.ErrorHandler.throwIfResponseFailed(ErrorHandler.java:166)
	at org.openqa.selenium.remote.http.JsonHttpResponseCodec.reconstructValue(JsonHttpResponseCodec.java:40)
	at org.openqa.selenium.remote.http.AbstractHttpResponseCodec.decode(AbstractHttpResponseCodec.java:80)
	at org.openqa.selenium.remote.http.AbstractHttpResponseCodec.decode(AbstractHttpResponseCodec.java:44)
	at org.openqa.selenium.remote.HttpCommandExecutor.execute(HttpCommandExecutor.java:164)
	at org.openqa.selenium.remote.service.DriverCommandExecutor.execute(DriverCommandExecutor.java:83)
	at org.openqa.selenium.remote.RemoteWebDriver.execute(RemoteWebDriver.java:601)
	at org.openqa.selenium.remote.RemoteWebElement.execute(RemoteWebElement.java:279)
	at org.openqa.selenium.remote.RemoteWebElement.getText(RemoteWebElement.java:160)
	at com.Cogniphy.Protection.Muthoot.Reports.ERTSummay_Report.namesFrom_Application(ERTSummay_Report.java:380)
	at com.Cogniphy.Protection.Muthoot.Reports.ERTSummay_Report.verifyAll_ERTs(ERTSummay_Report.java:388)
	at com.Cogniphy.Protection.Muthoot.TestSuites.ReportsSiute.ERT_SUMM_16_Verify_ERTColumn(ReportsSiute.java:101)
	at sun.reflect.NativeMethodAccessorImpl.invoke0(Native Method)
	at sun.reflect.NativeMethodAccessorImpl.invoke(Unknown Source)
	at sun.reflect.DelegatingMethodAccessorImpl.invoke(Unknown Source)
	at java.lang.reflect.Method.invoke(Unknown Source)
	at org.testng.internal.MethodInvocationHelper.invokeMethod(MethodInvocationHelper.java:86)
	at org.testng.internal.Invoker.invokeMethod(Invoker.java:643)
	at org.testng.internal.Invoker.invokeTestMethod(Invoker.java:820)
	at org.testng.internal.Invoker.invokeTestMethods(Invoker.java:1128)
	at org.testng.internal.TestMethodWorker.invokeTestMethods(TestMethodWorker.java:129)
	at org.testng.internal.TestMethodWorker.run(TestMethodWorker.java:112)
	at org.testng.TestRunner.privateRun(TestRunner.java:782)
	at org.testng.TestRunner.run(TestRunner.java:632)
	at org.testng.SuiteRunner.runTest(SuiteRunner.java:366)
	at org.testng.SuiteRunner.runSequentially(SuiteRunner.java:361)
	at org.testng.SuiteRunner.privateRun(SuiteRunner.java:319)
	at org.testng.SuiteRunner.run(SuiteRunner.java:268)
	at org.testng.SuiteRunnerWorker.runSuite(SuiteRunnerWorker.java:52)
	at org.testng.SuiteRunnerWorker.run(SuiteRunnerWorker.java:86)
	at org.testng.TestNG.runSuitesSequentially(TestNG.java:1244)
	at org.testng.TestNG.runSuitesLocally(TestNG.java:1169)
	at org.testng.TestNG.run(TestNG.java:1064)
	at org.testng.remote.AbstractRemoteTestNG.run(AbstractRemoteTestNG.java:114)
	at org.testng.remote.RemoteTestNG.initAndRun(RemoteTestNG.java:251)
	at org.testng.remote.RemoteTestNG.main(RemoteTestNG.java:77)
</pre></div><a href='#' onClick='toggleBox("stack-trace215078753", this, "Click to show all stack frames", "Click to hide stack frames")'>Click to show all stack frames</a>
<div class='stack-trace' id='stack-trace215078753'><pre>org.openqa.selenium.StaleElementReferenceException: stale element reference: element is not attached to the page document
  (Session info: chrome=64.0.3282.186)
  (Driver info: chromedriver=2.33.506120 (e3e53437346286c0bc2d2dc9aa4915ba81d9023f),platform=Windows NT 6.3.9600 x86_64) (WARNING: The server did not provide any stacktrace information)
Command duration or timeout: 0 milliseconds
For documentation on this error, please visit: http://seleniumhq.org/exceptions/stale_element_reference.html
Build info: version: &apos;3.8.1&apos;, revision: &apos;6e95a6684b&apos;, time: &apos;2017-12-01T18:33:54.468Z&apos;
System info: host: &apos;USER&apos;, ip: &apos;192.168.2.109&apos;, os.name: &apos;Windows 8.1&apos;, os.arch: &apos;amd64&apos;, os.version: &apos;6.3&apos;, java.version: &apos;1.8.0_91&apos;
Driver info: org.openqa.selenium.chrome.ChromeDriver
Capabilities {acceptSslCerts: true, applicationCacheEnabled: false, browserConnectionEnabled: false, browserName: chrome, chrome: {chromedriverVersion: 2.33.506120 (e3e53437346286..., userDataDir: C:\Users\121\AppData\Local\...}, cssSelectorsEnabled: true, databaseEnabled: false, handlesAlerts: true, hasTouchScreen: false, javascriptEnabled: true, locationContextEnabled: true, mobileEmulationEnabled: false, nativeEvents: true, networkConnectionEnabled: false, pageLoadStrategy: normal, platform: XP, platformName: XP, rotatable: false, setWindowRect: true, takesHeapSnapshot: true, takesScreenshot: true, unexpectedAlertBehaviour: , unhandledPromptBehavior: , version: 64.0.3282.186, webStorageEnabled: true}
Session ID: 8dbba936c255816e9b354797745ed300
	at sun.reflect.NativeConstructorAccessorImpl.newInstance0(Native Method)
	at sun.reflect.NativeConstructorAccessorImpl.newInstance(Unknown Source)
	at sun.reflect.DelegatingConstructorAccessorImpl.newInstance(Unknown Source)
	at java.lang.reflect.Constructor.newInstance(Unknown Source)
	at org.openqa.selenium.remote.ErrorHandler.createThrowable(ErrorHandler.java:214)
	at org.openqa.selenium.remote.ErrorHandler.throwIfResponseFailed(ErrorHandler.java:166)
	at org.openqa.selenium.remote.http.JsonHttpResponseCodec.reconstructValue(JsonHttpResponseCodec.java:40)
	at org.openqa.selenium.remote.http.AbstractHttpResponseCodec.decode(AbstractHttpResponseCodec.java:80)
	at org.openqa.selenium.remote.http.AbstractHttpResponseCodec.decode(AbstractHttpResponseCodec.java:44)
	at org.openqa.selenium.remote.HttpCommandExecutor.execute(HttpCommandExecutor.java:164)
	at org.openqa.selenium.remote.service.DriverCommandExecutor.execute(DriverCommandExecutor.java:83)
	at org.openqa.selenium.remote.RemoteWebDriver.execute(RemoteWebDriver.java:601)
	at org.openqa.selenium.remote.RemoteWebElement.execute(RemoteWebElement.java:279)
	at org.openqa.selenium.remote.RemoteWebElement.getText(RemoteWebElement.java:160)
	at com.Cogniphy.Protection.Muthoot.Reports.ERTSummay_Report.namesFrom_Application(ERTSummay_Report.java:380)
	at com.Cogniphy.Protection.Muthoot.Reports.ERTSummay_Report.verifyAll_ERTs(ERTSummay_Report.java:388)
	at com.Cogniphy.Protection.Muthoot.TestSuites.ReportsSiute.ERT_SUMM_16_Verify_ERTColumn(ReportsSiute.java:101)
	at sun.reflect.NativeMethodAccessorImpl.invoke0(Native Method)
	at sun.reflect.NativeMethodAccessorImpl.invoke(Unknown Source)
	at sun.reflect.DelegatingMethodAccessorImpl.invoke(Unknown Source)
	at java.lang.reflect.Method.invoke(Unknown Source)
	at org.testng.internal.MethodInvocationHelper.invokeMethod(MethodInvocationHelper.java:86)
	at org.testng.internal.Invoker.invokeMethod(Invoker.java:643)
	at org.testng.internal.Invoker.invokeTestMethod(Invoker.java:820)
	at org.testng.internal.Invoker.invokeTestMethods(Invoker.java:1128)
	at org.testng.internal.TestMethodWorker.invokeTestMethods(TestMethodWorker.java:129)
	at org.testng.internal.TestMethodWorker.run(TestMethodWorker.java:112)
	at org.testng.TestRunner.privateRun(TestRunner.java:782)
	at org.testng.TestRunner.run(TestRunner.java:632)
	at org.testng.SuiteRunner.runTest(SuiteRunner.java:366)
	at org.testng.SuiteRunner.runSequentially(SuiteRunner.java:361)
	at org.testng.SuiteRunner.privateRun(SuiteRunner.java:319)
	at org.testng.SuiteRunner.run(SuiteRunner.java:268)
	at org.testng.SuiteRunnerWorker.runSuite(SuiteRunnerWorker.java:52)
	at org.testng.SuiteRunnerWorker.run(SuiteRunnerWorker.java:86)
	at org.testng.TestNG.runSuitesSequentially(TestNG.java:1244)
	at org.testng.TestNG.runSuitesLocally(TestNG.java:1169)
	at org.testng.TestNG.run(TestNG.java:1064)
	at org.testng.remote.AbstractRemoteTestNG.run(AbstractRemoteTestNG.java:114)
	at org.testng.remote.RemoteTestNG.initAndRun(RemoteTestNG.java:251)
	at org.testng.remote.RemoteTestNG.main(RemoteTestNG.java:77)
</pre></div></td>
<td>28</td>
<td>com.Cogniphy.Protection.Muthoot.TestSuites.ReportsSiute@44c8afef</td></tr>
<tr>
<td title='com.Cogniphy.Protection.Muthoot.TestSuites.ReportsSiute.ERT_SUMM_33_34_Verify_KM_coveredIn_ADT()'><b>ERT_SUMM_33_34_Verify_KM_coveredIn_ADT</b><br>Test class: com.Cogniphy.Protection.Muthoot.TestSuites.ReportsSiute</td>
<td><div><pre>java.lang.NumberFormatException: For input string: &quot;&quot;
	at java.lang.NumberFormatException.forInputString(Unknown Source)
	at java.lang.Integer.parseInt(Unknown Source)
	at java.lang.Integer.parseInt(Unknown Source)
	at com.Cogniphy.Protection.Muthoot.Reports.ERTSummay_Report.verifyKMCovered(ERTSummay_Report.java:128)
	at com.Cogniphy.Protection.Muthoot.TestSuites.ReportsSiute.ERT_SUMM_33_34_Verify_KM_coveredIn_ADT(ReportsSiute.java:199)
	at sun.reflect.NativeMethodAccessorImpl.invoke0(Native Method)
	at sun.reflect.NativeMethodAccessorImpl.invoke(Unknown Source)
	at sun.reflect.DelegatingMethodAccessorImpl.invoke(Unknown Source)
	at java.lang.reflect.Method.invoke(Unknown Source)
	at org.testng.internal.MethodInvocationHelper.invokeMethod(MethodInvocationHelper.java:86)
	at org.testng.internal.Invoker.invokeMethod(Invoker.java:643)
	at org.testng.internal.Invoker.invokeTestMethod(Invoker.java:820)
	at org.testng.internal.Invoker.invokeTestMethods(Invoker.java:1128)
	at org.testng.internal.TestMethodWorker.invokeTestMethods(TestMethodWorker.java:129)
	at org.testng.internal.TestMethodWorker.run(TestMethodWorker.java:112)
	at org.testng.TestRunner.privateRun(TestRunner.java:782)
	at org.testng.TestRunner.run(TestRunner.java:632)
	at org.testng.SuiteRunner.runTest(SuiteRunner.java:366)
	at org.testng.SuiteRunner.runSequentially(SuiteRunner.java:361)
	at org.testng.SuiteRunner.privateRun(SuiteRunner.java:319)
	at org.testng.SuiteRunner.run(SuiteRunner.java:268)
	at org.testng.SuiteRunnerWorker.runSuite(SuiteRunnerWorker.java:52)
	at org.testng.SuiteRunnerWorker.run(SuiteRunnerWorker.java:86)
	at org.testng.TestNG.runSuitesSequentially(TestNG.java:1244)
	at org.testng.TestNG.runSuitesLocally(TestNG.java:1169)
	at org.testng.TestNG.run(TestNG.java:1064)
	at org.testng.remote.AbstractRemoteTestNG.run(AbstractRemoteTestNG.java:114)
	at org.testng.remote.RemoteTestNG.initAndRun(RemoteTestNG.java:251)
	at org.testng.remote.RemoteTestNG.main(RemoteTestNG.java:77)
</pre></div><a href='#' onClick='toggleBox("stack-trace464872674", this, "Click to show all stack frames", "Click to hide stack frames")'>Click to show all stack frames</a>
<div class='stack-trace' id='stack-trace464872674'><pre>java.lang.NumberFormatException: For input string: &quot;&quot;
	at java.lang.NumberFormatException.forInputString(Unknown Source)
	at java.lang.Integer.parseInt(Unknown Source)
	at java.lang.Integer.parseInt(Unknown Source)
	at com.Cogniphy.Protection.Muthoot.Reports.ERTSummay_Report.verifyKMCovered(ERTSummay_Report.java:128)
	at com.Cogniphy.Protection.Muthoot.TestSuites.ReportsSiute.ERT_SUMM_33_34_Verify_KM_coveredIn_ADT(ReportsSiute.java:199)
	at sun.reflect.NativeMethodAccessorImpl.invoke0(Native Method)
	at sun.reflect.NativeMethodAccessorImpl.invoke(Unknown Source)
	at sun.reflect.DelegatingMethodAccessorImpl.invoke(Unknown Source)
	at java.lang.reflect.Method.invoke(Unknown Source)
	at org.testng.internal.MethodInvocationHelper.invokeMethod(MethodInvocationHelper.java:86)
	at org.testng.internal.Invoker.invokeMethod(Invoker.java:643)
	at org.testng.internal.Invoker.invokeTestMethod(Invoker.java:820)
	at org.testng.internal.Invoker.invokeTestMethods(Invoker.java:1128)
	at org.testng.internal.TestMethodWorker.invokeTestMethods(TestMethodWorker.java:129)
	at org.testng.internal.TestMethodWorker.run(TestMethodWorker.java:112)
	at org.testng.TestRunner.privateRun(TestRunner.java:782)
	at org.testng.TestRunner.run(TestRunner.java:632)
	at org.testng.SuiteRunner.runTest(SuiteRunner.java:366)
	at org.testng.SuiteRunner.runSequentially(SuiteRunner.java:361)
	at org.testng.SuiteRunner.privateRun(SuiteRunner.java:319)
	at org.testng.SuiteRunner.run(SuiteRunner.java:268)
	at org.testng.SuiteRunnerWorker.runSuite(SuiteRunnerWorker.java:52)
	at org.testng.SuiteRunnerWorker.run(SuiteRunnerWorker.java:86)
	at org.testng.TestNG.runSuitesSequentially(TestNG.java:1244)
	at org.testng.TestNG.runSuitesLocally(TestNG.java:1169)
	at org.testng.TestNG.run(TestNG.java:1064)
	at org.testng.remote.AbstractRemoteTestNG.run(AbstractRemoteTestNG.java:114)
	at org.testng.remote.RemoteTestNG.initAndRun(RemoteTestNG.java:251)
	at org.testng.remote.RemoteTestNG.main(RemoteTestNG.java:77)
</pre></div></td>
<td>0</td>
<td>com.Cogniphy.Protection.Muthoot.TestSuites.ReportsSiute@44c8afef</td></tr>
<tr>
<td title='com.Cogniphy.Protection.Muthoot.TestSuites.ReportsSiute.ERT_SUMM_35_Validate_Total_KM_run_by_ERT()'><b>ERT_SUMM_35_Validate_Total_KM_run_by_ERT</b><br>Test class: com.Cogniphy.Protection.Muthoot.TestSuites.ReportsSiute</td>
<td><div><pre>java.lang.NumberFormatException: For input string: &quot;&quot;
	at java.lang.NumberFormatException.forInputString(Unknown Source)
	at java.lang.Integer.parseInt(Unknown Source)
	at java.lang.Integer.parseInt(Unknown Source)
	at com.Cogniphy.Protection.Muthoot.Reports.ERTSummay_Report.validateKMsRunByVehicles(ERTSummay_Report.java:299)
	at com.Cogniphy.Protection.Muthoot.TestSuites.ReportsSiute.ERT_SUMM_35_Validate_Total_KM_run_by_ERT(ReportsSiute.java:203)
	at sun.reflect.NativeMethodAccessorImpl.invoke0(Native Method)
	at sun.reflect.NativeMethodAccessorImpl.invoke(Unknown Source)
	at sun.reflect.DelegatingMethodAccessorImpl.invoke(Unknown Source)
	at java.lang.reflect.Method.invoke(Unknown Source)
	at org.testng.internal.MethodInvocationHelper.invokeMethod(MethodInvocationHelper.java:86)
	at org.testng.internal.Invoker.invokeMethod(Invoker.java:643)
	at org.testng.internal.Invoker.invokeTestMethod(Invoker.java:820)
	at org.testng.internal.Invoker.invokeTestMethods(Invoker.java:1128)
	at org.testng.internal.TestMethodWorker.invokeTestMethods(TestMethodWorker.java:129)
	at org.testng.internal.TestMethodWorker.run(TestMethodWorker.java:112)
	at org.testng.TestRunner.privateRun(TestRunner.java:782)
	at org.testng.TestRunner.run(TestRunner.java:632)
	at org.testng.SuiteRunner.runTest(SuiteRunner.java:366)
	at org.testng.SuiteRunner.runSequentially(SuiteRunner.java:361)
	at org.testng.SuiteRunner.privateRun(SuiteRunner.java:319)
	at org.testng.SuiteRunner.run(SuiteRunner.java:268)
	at org.testng.SuiteRunnerWorker.runSuite(SuiteRunnerWorker.java:52)
	at org.testng.SuiteRunnerWorker.run(SuiteRunnerWorker.java:86)
	at org.testng.TestNG.runSuitesSequentially(TestNG.java:1244)
	at org.testng.TestNG.runSuitesLocally(TestNG.java:1169)
	at org.testng.TestNG.run(TestNG.java:1064)
	at org.testng.remote.AbstractRemoteTestNG.run(AbstractRemoteTestNG.java:114)
	at org.testng.remote.RemoteTestNG.initAndRun(RemoteTestNG.java:251)
	at org.testng.remote.RemoteTestNG.main(RemoteTestNG.java:77)
</pre></div><a href='#' onClick='toggleBox("stack-trace1645624121", this, "Click to show all stack frames", "Click to hide stack frames")'>Click to show all stack frames</a>
<div class='stack-trace' id='stack-trace1645624121'><pre>java.lang.NumberFormatException: For input string: &quot;&quot;
	at java.lang.NumberFormatException.forInputString(Unknown Source)
	at java.lang.Integer.parseInt(Unknown Source)
	at java.lang.Integer.parseInt(Unknown Source)
	at com.Cogniphy.Protection.Muthoot.Reports.ERTSummay_Report.validateKMsRunByVehicles(ERTSummay_Report.java:299)
	at com.Cogniphy.Protection.Muthoot.TestSuites.ReportsSiute.ERT_SUMM_35_Validate_Total_KM_run_by_ERT(ReportsSiute.java:203)
	at sun.reflect.NativeMethodAccessorImpl.invoke0(Native Method)
	at sun.reflect.NativeMethodAccessorImpl.invoke(Unknown Source)
	at sun.reflect.DelegatingMethodAccessorImpl.invoke(Unknown Source)
	at java.lang.reflect.Method.invoke(Unknown Source)
	at org.testng.internal.MethodInvocationHelper.invokeMethod(MethodInvocationHelper.java:86)
	at org.testng.internal.Invoker.invokeMethod(Invoker.java:643)
	at org.testng.internal.Invoker.invokeTestMethod(Invoker.java:820)
	at org.testng.internal.Invoker.invokeTestMethods(Invoker.java:1128)
	at org.testng.internal.TestMethodWorker.invokeTestMethods(TestMethodWorker.java:129)
	at org.testng.internal.TestMethodWorker.run(TestMethodWorker.java:112)
	at org.testng.TestRunner.privateRun(TestRunner.java:782)
	at org.testng.TestRunner.run(TestRunner.java:632)
	at org.testng.SuiteRunner.runTest(SuiteRunner.java:366)
	at org.testng.SuiteRunner.runSequentially(SuiteRunner.java:361)
	at org.testng.SuiteRunner.privateRun(SuiteRunner.java:319)
	at org.testng.SuiteRunner.run(SuiteRunner.java:268)
	at org.testng.SuiteRunnerWorker.runSuite(SuiteRunnerWorker.java:52)
	at org.testng.SuiteRunnerWorker.run(SuiteRunnerWorker.java:86)
	at org.testng.TestNG.runSuitesSequentially(TestNG.java:1244)
	at org.testng.TestNG.runSuitesLocally(TestNG.java:1169)
	at org.testng.TestNG.run(TestNG.java:1064)
	at org.testng.remote.AbstractRemoteTestNG.run(AbstractRemoteTestNG.java:114)
	at org.testng.remote.RemoteTestNG.initAndRun(RemoteTestNG.java:251)
	at org.testng.remote.RemoteTestNG.main(RemoteTestNG.java:77)
</pre></div></td>
<td>0</td>
<td>com.Cogniphy.Protection.Muthoot.TestSuites.ReportsSiute@44c8afef</td></tr>
<tr>
<td title='com.Cogniphy.Protection.Muthoot.TestSuites.ReportsSiute.ERT_SUMM_46_Validate_total_Count()'><b>ERT_SUMM_46_Validate_total_Count</b><br>Test class: com.Cogniphy.Protection.Muthoot.TestSuites.ReportsSiute</td>
<td><div><pre>java.lang.NumberFormatException: For input string: &quot;&quot;
	at java.lang.NumberFormatException.forInputString(Unknown Source)
	at java.lang.Integer.parseInt(Unknown Source)
	at java.lang.Integer.parseInt(Unknown Source)
	at com.Cogniphy.Protection.Muthoot.TestSuites.ReportsSiute.ERT_SUMM_46_Validate_total_Count(ReportsSiute.java:246)
	at sun.reflect.NativeMethodAccessorImpl.invoke0(Native Method)
	at sun.reflect.NativeMethodAccessorImpl.invoke(Unknown Source)
	at sun.reflect.DelegatingMethodAccessorImpl.invoke(Unknown Source)
	at java.lang.reflect.Method.invoke(Unknown Source)
	at org.testng.internal.MethodInvocationHelper.invokeMethod(MethodInvocationHelper.java:86)
	at org.testng.internal.Invoker.invokeMethod(Invoker.java:643)
	at org.testng.internal.Invoker.invokeTestMethod(Invoker.java:820)
	at org.testng.internal.Invoker.invokeTestMethods(Invoker.java:1128)
	at org.testng.internal.TestMethodWorker.invokeTestMethods(TestMethodWorker.java:129)
	at org.testng.internal.TestMethodWorker.run(TestMethodWorker.java:112)
	at org.testng.TestRunner.privateRun(TestRunner.java:782)
	at org.testng.TestRunner.run(TestRunner.java:632)
	at org.testng.SuiteRunner.runTest(SuiteRunner.java:366)
	at org.testng.SuiteRunner.runSequentially(SuiteRunner.java:361)
	at org.testng.SuiteRunner.privateRun(SuiteRunner.java:319)
	at org.testng.SuiteRunner.run(SuiteRunner.java:268)
	at org.testng.SuiteRunnerWorker.runSuite(SuiteRunnerWorker.java:52)
	at org.testng.SuiteRunnerWorker.run(SuiteRunnerWorker.java:86)
	at org.testng.TestNG.runSuitesSequentially(TestNG.java:1244)
	at org.testng.TestNG.runSuitesLocally(TestNG.java:1169)
	at org.testng.TestNG.run(TestNG.java:1064)
	at org.testng.remote.AbstractRemoteTestNG.run(AbstractRemoteTestNG.java:114)
	at org.testng.remote.RemoteTestNG.initAndRun(RemoteTestNG.java:251)
	at org.testng.remote.RemoteTestNG.main(RemoteTestNG.java:77)
</pre></div><a href='#' onClick='toggleBox("stack-trace1205559205", this, "Click to show all stack frames", "Click to hide stack frames")'>Click to show all stack frames</a>
<div class='stack-trace' id='stack-trace1205559205'><pre>java.lang.NumberFormatException: For input string: &quot;&quot;
	at java.lang.NumberFormatException.forInputString(Unknown Source)
	at java.lang.Integer.parseInt(Unknown Source)
	at java.lang.Integer.parseInt(Unknown Source)
	at com.Cogniphy.Protection.Muthoot.TestSuites.ReportsSiute.ERT_SUMM_46_Validate_total_Count(ReportsSiute.java:246)
	at sun.reflect.NativeMethodAccessorImpl.invoke0(Native Method)
	at sun.reflect.NativeMethodAccessorImpl.invoke(Unknown Source)
	at sun.reflect.DelegatingMethodAccessorImpl.invoke(Unknown Source)
	at java.lang.reflect.Method.invoke(Unknown Source)
	at org.testng.internal.MethodInvocationHelper.invokeMethod(MethodInvocationHelper.java:86)
	at org.testng.internal.Invoker.invokeMethod(Invoker.java:643)
	at org.testng.internal.Invoker.invokeTestMethod(Invoker.java:820)
	at org.testng.internal.Invoker.invokeTestMethods(Invoker.java:1128)
	at org.testng.internal.TestMethodWorker.invokeTestMethods(TestMethodWorker.java:129)
	at org.testng.internal.TestMethodWorker.run(TestMethodWorker.java:112)
	at org.testng.TestRunner.privateRun(TestRunner.java:782)
	at org.testng.TestRunner.run(TestRunner.java:632)
	at org.testng.SuiteRunner.runTest(SuiteRunner.java:366)
	at org.testng.SuiteRunner.runSequentially(SuiteRunner.java:361)
	at org.testng.SuiteRunner.privateRun(SuiteRunner.java:319)
	at org.testng.SuiteRunner.run(SuiteRunner.java:268)
	at org.testng.SuiteRunnerWorker.runSuite(SuiteRunnerWorker.java:52)
	at org.testng.SuiteRunnerWorker.run(SuiteRunnerWorker.java:86)
	at org.testng.TestNG.runSuitesSequentially(TestNG.java:1244)
	at org.testng.TestNG.runSuitesLocally(TestNG.java:1169)
	at org.testng.TestNG.run(TestNG.java:1064)
	at org.testng.remote.AbstractRemoteTestNG.run(AbstractRemoteTestNG.java:114)
	at org.testng.remote.RemoteTestNG.initAndRun(RemoteTestNG.java:251)
	at org.testng.remote.RemoteTestNG.main(RemoteTestNG.java:77)
</pre></div></td>
<td>0</td>
<td>com.Cogniphy.Protection.Muthoot.TestSuites.ReportsSiute@44c8afef</td></tr>
</table><p>
<table width='100%' border='1' class='invocation-passed'>
<tr><td colspan='4' align='center'><b>PASSED TESTS</b></td></tr>
<tr><td><b>Test method</b></td>
<td width="30%"><b>Exception</b></td>
<td width="10%"><b>Time (seconds)</b></td>
<td><b>Instance</b></td>
</tr>
<tr>
<td title='com.Cogniphy.Protection.Muthoot.TestSuites.ReportsSiute.ERT_SUMM_01_Verify_HomePage()'><b>ERT_SUMM_01_Verify_HomePage</b><br>Test class: com.Cogniphy.Protection.Muthoot.TestSuites.ReportsSiute</td>
<td></td>
<td>120</td>
<td>com.Cogniphy.Protection.Muthoot.TestSuites.ReportsSiute@44c8afef</td></tr>
<tr>
<td title='com.Cogniphy.Protection.Muthoot.TestSuites.ReportsSiute.ERT_SUMM_02_Verify_the_Reports_menu_on_top_bar()'><b>ERT_SUMM_02_Verify_the_Reports_menu_on_top_bar</b><br>Test class: com.Cogniphy.Protection.Muthoot.TestSuites.ReportsSiute</td>
<td></td>
<td>7</td>
<td>com.Cogniphy.Protection.Muthoot.TestSuites.ReportsSiute@44c8afef</td></tr>
<tr>
<td title='com.Cogniphy.Protection.Muthoot.TestSuites.ReportsSiute.ERT_SUMM_03_Verify_the_ERT_summary_report_page()'><b>ERT_SUMM_03_Verify_the_ERT_summary_report_page</b><br>Test class: com.Cogniphy.Protection.Muthoot.TestSuites.ReportsSiute<br>Test method: DateFilter, ClientFilter, SessionFilters are Available</td>
<td></td>
<td>0</td>
<td>com.Cogniphy.Protection.Muthoot.TestSuites.ReportsSiute@44c8afef</td></tr>
<tr>
<td title='com.Cogniphy.Protection.Muthoot.TestSuites.ReportsSiute.ERT_SUMM_04_Verify_DateEntry_Manually()'><b>ERT_SUMM_04_Verify_DateEntry_Manually</b><br>Test class: com.Cogniphy.Protection.Muthoot.TestSuites.ReportsSiute</td>
<td></td>
<td>15</td>
<td>com.Cogniphy.Protection.Muthoot.TestSuites.ReportsSiute@44c8afef</td></tr>
<tr>
<td title='com.Cogniphy.Protection.Muthoot.TestSuites.ReportsSiute.ERT_SUMM_05_Verify_DateFiter_For_FutureDates()'><b>ERT_SUMM_05_Verify_DateFiter_For_FutureDates</b><br>Test class: com.Cogniphy.Protection.Muthoot.TestSuites.ReportsSiute</td>
<td></td>
<td>1</td>
<td>com.Cogniphy.Protection.Muthoot.TestSuites.ReportsSiute@44c8afef</td></tr>
<tr>
<td title='com.Cogniphy.Protection.Muthoot.TestSuites.ReportsSiute.ERT_SUMM_06_Verify_DateFiter_For_Morethan_90days()'><b>ERT_SUMM_06_Verify_DateFiter_For_Morethan_90days</b><br>Test class: com.Cogniphy.Protection.Muthoot.TestSuites.ReportsSiute</td>
<td></td>
<td>91</td>
<td>com.Cogniphy.Protection.Muthoot.TestSuites.ReportsSiute@44c8afef</td></tr>
<tr>
<td title='com.Cogniphy.Protection.Muthoot.TestSuites.ReportsSiute.ERT_SUMM_07_Verify_ClientFilter()'><b>ERT_SUMM_07_Verify_ClientFilter</b><br>Test class: com.Cogniphy.Protection.Muthoot.TestSuites.ReportsSiute</td>
<td></td>
<td>0</td>
<td>com.Cogniphy.Protection.Muthoot.TestSuites.ReportsSiute@44c8afef</td></tr>
<tr>
<td title='com.Cogniphy.Protection.Muthoot.TestSuites.ReportsSiute.ERT_SUMM_08_Verify_SessionFilter()'><b>ERT_SUMM_08_Verify_SessionFilter</b><br>Test class: com.Cogniphy.Protection.Muthoot.TestSuites.ReportsSiute</td>
<td></td>
<td>3</td>
<td>com.Cogniphy.Protection.Muthoot.TestSuites.ReportsSiute@44c8afef</td></tr>
<tr>
<td title='com.Cogniphy.Protection.Muthoot.TestSuites.ReportsSiute.ERT_SUMM_10_Verify_TitleRow()'><b>ERT_SUMM_10_Verify_TitleRow</b><br>Test class: com.Cogniphy.Protection.Muthoot.TestSuites.ReportsSiute</td>
<td></td>
<td>0</td>
<td>com.Cogniphy.Protection.Muthoot.TestSuites.ReportsSiute@44c8afef</td></tr>
<tr>
<td title='com.Cogniphy.Protection.Muthoot.TestSuites.ReportsSiute.ERT_SUMM_17_Validate_ERT_count()'><b>ERT_SUMM_17_Validate_ERT_count</b><br>Test class: com.Cogniphy.Protection.Muthoot.TestSuites.ReportsSiute<br>Test method: Bug has to be fix</td>
<td></td>
<td>0</td>
<td>com.Cogniphy.Protection.Muthoot.TestSuites.ReportsSiute@44c8afef</td></tr>
<tr>
<td title='com.Cogniphy.Protection.Muthoot.TestSuites.ReportsSiute.ERT_SUMM_18_Verify_ReportAt_TimeFormat()'><b>ERT_SUMM_18_Verify_ReportAt_TimeFormat</b><br>Test class: com.Cogniphy.Protection.Muthoot.TestSuites.ReportsSiute</td>
<td></td>
<td>1</td>
<td>com.Cogniphy.Protection.Muthoot.TestSuites.ReportsSiute@44c8afef</td></tr>
<tr>
<td title='com.Cogniphy.Protection.Muthoot.TestSuites.ReportsSiute.ERT_SUMM_19_Validate_the_ERT_Reported_AT_Column()'><b>ERT_SUMM_19_Validate_the_ERT_Reported_AT_Column</b><br>Test class: com.Cogniphy.Protection.Muthoot.TestSuites.ReportsSiute</td>
<td></td>
<td>0</td>
<td>com.Cogniphy.Protection.Muthoot.TestSuites.ReportsSiute@44c8afef</td></tr>
<tr>
<td title='com.Cogniphy.Protection.Muthoot.TestSuites.ReportsSiute.ERT_SUMM_20_Validate_ReportAt_with_GaurdCheckList_ReportTime()'><b>ERT_SUMM_20_Validate_ReportAt_with_GaurdCheckList_ReportTime</b><br>Test class: com.Cogniphy.Protection.Muthoot.TestSuites.ReportsSiute<br>Test method: Bug has to be fix</td>
<td></td>
<td>0</td>
<td>com.Cogniphy.Protection.Muthoot.TestSuites.ReportsSiute@44c8afef</td></tr>
<tr>
<td title='com.Cogniphy.Protection.Muthoot.TestSuites.ReportsSiute.ERT_SUMM_21_22_Validate_No_of_the_branches_visited_column()'><b>ERT_SUMM_21_22_Validate_No_of_the_branches_visited_column</b><br>Test class: com.Cogniphy.Protection.Muthoot.TestSuites.ReportsSiute</td>
<td></td>
<td>4</td>
<td>com.Cogniphy.Protection.Muthoot.TestSuites.ReportsSiute@44c8afef</td></tr>
<tr>
<td title='com.Cogniphy.Protection.Muthoot.TestSuites.ReportsSiute.ERT_SUMM_27_Validate_ADTRecived_Time()'><b>ERT_SUMM_27_Validate_ADTRecived_Time</b><br>Test class: com.Cogniphy.Protection.Muthoot.TestSuites.ReportsSiute</td>
<td></td>
<td>0</td>
<td>com.Cogniphy.Protection.Muthoot.TestSuites.ReportsSiute@44c8afef</td></tr>
<tr>
<td title='com.Cogniphy.Protection.Muthoot.TestSuites.ReportsSiute.ERT_SUMM_31_Verify_timeOf_Arrival_At_destination()'><b>ERT_SUMM_31_Verify_timeOf_Arrival_At_destination</b><br>Test class: com.Cogniphy.Protection.Muthoot.TestSuites.ReportsSiute</td>
<td></td>
<td>0</td>
<td>com.Cogniphy.Protection.Muthoot.TestSuites.ReportsSiute@44c8afef</td></tr>
<tr>
<td title='com.Cogniphy.Protection.Muthoot.TestSuites.ReportsSiute.ERT_SUMM_32_Verify_Total_responding_Time()'><b>ERT_SUMM_32_Verify_Total_responding_Time</b><br>Test class: com.Cogniphy.Protection.Muthoot.TestSuites.ReportsSiute</td>
<td></td>
<td>0</td>
<td>com.Cogniphy.Protection.Muthoot.TestSuites.ReportsSiute@44c8afef</td></tr>
<tr>
<td title='com.Cogniphy.Protection.Muthoot.TestSuites.ReportsSiute.ERT_SUMM_37_38_Validate_the_ERT_Relieving_Time_column()'><b>ERT_SUMM_37_38_Validate_the_ERT_Relieving_Time_column</b><br>Test class: com.Cogniphy.Protection.Muthoot.TestSuites.ReportsSiute</td>
<td></td>
<td>0</td>
<td>com.Cogniphy.Protection.Muthoot.TestSuites.ReportsSiute@44c8afef</td></tr>
<tr>
<td title='com.Cogniphy.Protection.Muthoot.TestSuites.ReportsSiute.ERT_SUMM_39_Verify_the_Irregularities_column()'><b>ERT_SUMM_39_Verify_the_Irregularities_column</b><br>Test class: com.Cogniphy.Protection.Muthoot.TestSuites.ReportsSiute</td>
<td></td>
<td>0</td>
<td>com.Cogniphy.Protection.Muthoot.TestSuites.ReportsSiute@44c8afef</td></tr>
<tr>
<td title='com.Cogniphy.Protection.Muthoot.TestSuites.ReportsSiute.ERT_SUMM_40_Verify_Action_taken_by_ERT_and_RCR_Column()'><b>ERT_SUMM_40_Verify_Action_taken_by_ERT_and_RCR_Column</b><br>Test class: com.Cogniphy.Protection.Muthoot.TestSuites.ReportsSiute</td>
<td></td>
<td>0</td>
<td>com.Cogniphy.Protection.Muthoot.TestSuites.ReportsSiute@44c8afef</td></tr>
<tr>
<td title='com.Cogniphy.Protection.Muthoot.TestSuites.ReportsSiute.ERT_SUMM_41_42_Verify_Action_taken_by_ERT_and_RCR_Column()'><b>ERT_SUMM_41_42_Verify_Action_taken_by_ERT_and_RCR_Column</b><br>Test class: com.Cogniphy.Protection.Muthoot.TestSuites.ReportsSiute</td>
<td></td>
<td>0</td>
<td>com.Cogniphy.Protection.Muthoot.TestSuites.ReportsSiute@44c8afef</td></tr>
<tr>
<td title='com.Cogniphy.Protection.Muthoot.TestSuites.ReportsSiute.ERT_SUMM_43_44_45_Validate_odometer_Values()'><b>ERT_SUMM_43_44_45_Validate_odometer_Values</b><br>Test class: com.Cogniphy.Protection.Muthoot.TestSuites.ReportsSiute</td>
<td></td>
<td>0</td>
<td>com.Cogniphy.Protection.Muthoot.TestSuites.ReportsSiute@44c8afef</td></tr>
</table><p>
</body>
</html>