<?xml version="1.0" encoding="UTF-8"?>
<!-- Generated by org.testng.reporters.JUnitXMLReporter -->
<testsuite hostname="user" name="RegressionResults" tests="6" failures="2" timestamp="31 Jan 2018 07:03:29 GMT" time="244.756" errors="0">
  <testcase name="TC_0001_Login" time="77.573" classname="com.Cogniphy.Protection.Muthoot.TestSuites.Reports_TestSuite">
    <failure type="org.openqa.selenium.NoSuchElementException" message="no such element: Unable to locate element: {&amp;quot;method&amp;quot;:&amp;quot;xpath&amp;quot;,&amp;quot;selector&amp;quot;:&amp;quot;//table[@id=&amp;apos;RptTable&amp;apos;]/tbody/tr[.][1]/td[24]&amp;quot;}
  (Session info: chrome=63.0.3239.132)
  (Driver info: chromedriver=2.33.506120 (e3e53437346286c0bc2d2dc9aa4915ba81d9023f),platform=Windows NT 6.3.9600 x86_64) (WARNING: The server did not provide any stacktrace information)
Command duration or timeout: 0 milliseconds
For documentation on this error, please visit: http://seleniumhq.org/exceptions/no_such_element.html
Build info: version: &amp;apos;3.8.1&amp;apos;, revision: &amp;apos;6e95a6684b&amp;apos;, time: &amp;apos;2017-12-01T18:33:54.468Z&amp;apos;
System info: host: &amp;apos;USER&amp;apos;, ip: &amp;apos;192.168.2.109&amp;apos;, os.name: &amp;apos;Windows 8.1&amp;apos;, os.arch: &amp;apos;amd64&amp;apos;, os.version: &amp;apos;6.3&amp;apos;, java.version: &amp;apos;1.8.0_91&amp;apos;
Driver info: org.openqa.selenium.chrome.ChromeDriver
Capabilities {acceptSslCerts: true, applicationCacheEnabled: false, browserConnectionEnabled: false, browserName: chrome, chrome: {chromedriverVersion: 2.33.506120 (e3e53437346286..., userDataDir: C:\Users\121\AppData\Local\...}, cssSelectorsEnabled: true, databaseEnabled: false, handlesAlerts: true, hasTouchScreen: false, javascriptEnabled: true, locationContextEnabled: true, mobileEmulationEnabled: false, nativeEvents: true, networkConnectionEnabled: false, pageLoadStrategy: normal, platform: XP, platformName: XP, rotatable: false, setWindowRect: true, takesHeapSnapshot: true, takesScreenshot: true, unexpectedAlertBehaviour: , unhandledPromptBehavior: , version: 63.0.3239.132, webStorageEnabled: true}
Session ID: 89565aa2d890abd1f80cee062dba3375
*** Element info: {Using=xpath, value=//table[@id=&amp;apos;RptTable&amp;apos;]/tbody/tr[.][1]/td[24]}">
      <![CDATA[org.openqa.selenium.NoSuchElementException: no such element: Unable to locate element: {"method":"xpath","selector":"//table[@id='RptTable']/tbody/tr[.][1]/td[24]"}
  (Session info: chrome=63.0.3239.132)
  (Driver info: chromedriver=2.33.506120 (e3e53437346286c0bc2d2dc9aa4915ba81d9023f),platform=Windows NT 6.3.9600 x86_64) (WARNING: The server did not provide any stacktrace information)
Command duration or timeout: 0 milliseconds
For documentation on this error, please visit: http://seleniumhq.org/exceptions/no_such_element.html
Build info: version: '3.8.1', revision: '6e95a6684b', time: '2017-12-01T18:33:54.468Z'
System info: host: 'USER', ip: '192.168.2.109', os.name: 'Windows 8.1', os.arch: 'amd64', os.version: '6.3', java.version: '1.8.0_91'
Driver info: org.openqa.selenium.chrome.ChromeDriver
Capabilities {acceptSslCerts: true, applicationCacheEnabled: false, browserConnectionEnabled: false, browserName: chrome, chrome: {chromedriverVersion: 2.33.506120 (e3e53437346286..., userDataDir: C:\Users\121\AppData\Local\...}, cssSelectorsEnabled: true, databaseEnabled: false, handlesAlerts: true, hasTouchScreen: false, javascriptEnabled: true, locationContextEnabled: true, mobileEmulationEnabled: false, nativeEvents: true, networkConnectionEnabled: false, pageLoadStrategy: normal, platform: XP, platformName: XP, rotatable: false, setWindowRect: true, takesHeapSnapshot: true, takesScreenshot: true, unexpectedAlertBehaviour: , unhandledPromptBehavior: , version: 63.0.3239.132, webStorageEnabled: true}
Session ID: 89565aa2d890abd1f80cee062dba3375
*** Element info: {Using=xpath, value=//table[@id='RptTable']/tbody/tr[.][1]/td[24]}
	at org.openqa.selenium.remote.ErrorHandler.createThrowable(ErrorHandler.java:214)
	at org.openqa.selenium.remote.ErrorHandler.throwIfResponseFailed(ErrorHandler.java:166)
	at org.openqa.selenium.remote.http.JsonHttpResponseCodec.reconstructValue(JsonHttpResponseCodec.java:40)
	at org.openqa.selenium.remote.http.AbstractHttpResponseCodec.decode(AbstractHttpResponseCodec.java:80)
	at org.openqa.selenium.remote.http.AbstractHttpResponseCodec.decode(AbstractHttpResponseCodec.java:44)
	at org.openqa.selenium.remote.HttpCommandExecutor.execute(HttpCommandExecutor.java:164)
	at org.openqa.selenium.remote.service.DriverCommandExecutor.execute(DriverCommandExecutor.java:83)
	at org.openqa.selenium.remote.RemoteWebDriver.execute(RemoteWebDriver.java:601)
	at org.openqa.selenium.remote.RemoteWebDriver.findElement(RemoteWebDriver.java:371)
	at org.openqa.selenium.remote.RemoteWebDriver.findElementByXPath(RemoteWebDriver.java:473)
	at org.openqa.selenium.By$ByXPath.findElement(By.java:361)
	at org.openqa.selenium.remote.RemoteWebDriver.findElement(RemoteWebDriver.java:363)
	at com.Cogniphy.Protection.Muthoot.Reports.Reports.fetch_Data_From_Daily_Report(Reports.java:61)
	at com.Cogniphy.Protection.Muthoot.TestSuites.Reports_TestSuite.TC_0001_Login(Reports_TestSuite.java:15)
... Removed 28 stack frames]]>
    </failure>
  </testcase> <!-- TC_0001_Login -->
  <testcase name="TC_0019_Validate_ERTReported_At_Time_with_Daily_Report" time="104.833" classname="com.Cogniphy.Protection.Muthoot.TestSuites.Reports_TestSuite"/>
  <testcase name="TC_0021_22_Validate_No_of_Branches_Visted" time="0.0" classname="com.Cogniphy.Protection.Muthoot.TestSuites.Reports_TestSuite">
    <failure type="java.lang.ArrayIndexOutOfBoundsException" message="-18">
      <![CDATA[java.lang.ArrayIndexOutOfBoundsException: -18
	at com.Cogniphy.Protection.Muthoot.Reports.Reports.validate_No_of_Branches_Visited_Bn_Summ_ND_Daily(Reports.java:146)
	at com.Cogniphy.Protection.Muthoot.TestSuites.Reports_TestSuite.TC_0021_22_Validate_No_of_Branches_Visted(Reports_TestSuite.java:30)
... Removed 24 stack frames]]>
    </failure>
  </testcase> <!-- TC_0021_22_Validate_No_of_Branches_Visted -->
  <testcase name="TC_0023_0024_IncidentRoom_BranchNames_Validation" time="53.893" classname="com.Cogniphy.Protection.Muthoot.TestSuites.Reports_TestSuite"/>
  <testcase name="TC_0025_0026_ADT_AlarmTime_Vrfction_BN_Summ_ND_IncRoom" time="0.0" classname="com.Cogniphy.Protection.Muthoot.TestSuites.Reports_TestSuite"/>
  <testcase name="TC_0027_0028_ADT_RecievedTime_Vrfction_BN_Summ_ND_IncRoom" time="0.0" classname="com.Cogniphy.Protection.Muthoot.TestSuites.Reports_TestSuite"/>
</testsuite> <!-- RegressionResults -->
