<?xml version="1.0" encoding="UTF-8"?>
<!-- Generated by org.testng.reporters.JUnitXMLReporter -->
<testsuite hostname="user" name="ReportsResult" tests="8" failures="0" timestamp="5 Mar 2018 12:30:56 GMT" time="3.148" errors="0">
  <testcase name="@BeforeClass beforeClass" time="0.0" classname="com.Cogniphy.Protection.Muthoot.TestSuites.Reports_TestSuite">
    <failure type="org.openqa.selenium.NoSuchWindowException" message="no such window: target window already closed
from unknown error: web view not found
  (Session info: chrome=64.0.3282.186)
  (Driver info: chromedriver=2.33.506120 (e3e53437346286c0bc2d2dc9aa4915ba81d9023f),platform=Windows NT 6.3.9600 x86_64) (WARNING: The server did not provide any stacktrace information)
Command duration or timeout: 0 milliseconds
Build info: version: &amp;apos;3.8.1&amp;apos;, revision: &amp;apos;6e95a6684b&amp;apos;, time: &amp;apos;2017-12-01T18:33:54.468Z&amp;apos;
System info: host: &amp;apos;USER&amp;apos;, ip: &amp;apos;192.168.2.109&amp;apos;, os.name: &amp;apos;Windows 8.1&amp;apos;, os.arch: &amp;apos;amd64&amp;apos;, os.version: &amp;apos;6.3&amp;apos;, java.version: &amp;apos;1.8.0_91&amp;apos;
Driver info: org.openqa.selenium.chrome.ChromeDriver
Capabilities {acceptSslCerts: true, applicationCacheEnabled: false, browserConnectionEnabled: false, browserName: chrome, chrome: {chromedriverVersion: 2.33.506120 (e3e53437346286..., userDataDir: C:\Users\121\AppData\Local\...}, cssSelectorsEnabled: true, databaseEnabled: false, handlesAlerts: true, hasTouchScreen: false, javascriptEnabled: true, locationContextEnabled: true, mobileEmulationEnabled: false, nativeEvents: true, networkConnectionEnabled: false, pageLoadStrategy: normal, platform: XP, platformName: XP, rotatable: false, setWindowRect: true, takesHeapSnapshot: true, takesScreenshot: true, unexpectedAlertBehaviour: , unhandledPromptBehavior: , version: 64.0.3282.186, webStorageEnabled: true}
Session ID: 14829a59b1a0eae4f9d9ab2171177ec8
*** Element info: {Using=id, value=username}">
      <![CDATA[org.openqa.selenium.NoSuchWindowException: no such window: target window already closed
from unknown error: web view not found
  (Session info: chrome=64.0.3282.186)
  (Driver info: chromedriver=2.33.506120 (e3e53437346286c0bc2d2dc9aa4915ba81d9023f),platform=Windows NT 6.3.9600 x86_64) (WARNING: The server did not provide any stacktrace information)
Command duration or timeout: 0 milliseconds
Build info: version: '3.8.1', revision: '6e95a6684b', time: '2017-12-01T18:33:54.468Z'
System info: host: 'USER', ip: '192.168.2.109', os.name: 'Windows 8.1', os.arch: 'amd64', os.version: '6.3', java.version: '1.8.0_91'
Driver info: org.openqa.selenium.chrome.ChromeDriver
Capabilities {acceptSslCerts: true, applicationCacheEnabled: false, browserConnectionEnabled: false, browserName: chrome, chrome: {chromedriverVersion: 2.33.506120 (e3e53437346286..., userDataDir: C:\Users\121\AppData\Local\...}, cssSelectorsEnabled: true, databaseEnabled: false, handlesAlerts: true, hasTouchScreen: false, javascriptEnabled: true, locationContextEnabled: true, mobileEmulationEnabled: false, nativeEvents: true, networkConnectionEnabled: false, pageLoadStrategy: normal, platform: XP, platformName: XP, rotatable: false, setWindowRect: true, takesHeapSnapshot: true, takesScreenshot: true, unexpectedAlertBehaviour: , unhandledPromptBehavior: , version: 64.0.3282.186, webStorageEnabled: true}
Session ID: 14829a59b1a0eae4f9d9ab2171177ec8
*** Element info: {Using=id, value=username}
	at org.openqa.selenium.remote.ErrorHandler.createThrowable(ErrorHandler.java:214)
	at org.openqa.selenium.remote.ErrorHandler.throwIfResponseFailed(ErrorHandler.java:166)
	at org.openqa.selenium.remote.http.JsonHttpResponseCodec.reconstructValue(JsonHttpResponseCodec.java:40)
	at org.openqa.selenium.remote.http.AbstractHttpResponseCodec.decode(AbstractHttpResponseCodec.java:80)
	at org.openqa.selenium.remote.http.AbstractHttpResponseCodec.decode(AbstractHttpResponseCodec.java:44)
	at org.openqa.selenium.remote.HttpCommandExecutor.execute(HttpCommandExecutor.java:164)
	at org.openqa.selenium.remote.service.DriverCommandExecutor.execute(DriverCommandExecutor.java:83)
	at org.openqa.selenium.remote.RemoteWebDriver.execute(RemoteWebDriver.java:601)
	at org.openqa.selenium.remote.RemoteWebDriver.findElement(RemoteWebDriver.java:371)
	at org.openqa.selenium.remote.RemoteWebDriver.findElementById(RemoteWebDriver.java:417)
	at org.openqa.selenium.By$ById.findElement(By.java:218)
	at org.openqa.selenium.remote.RemoteWebDriver.findElement(RemoteWebDriver.java:363)
	at com.Cogniphy.Protection.Muthoot.Utility.LogIn.chrome_LogIn(LogIn.java:16)
	at com.Cogniphy.Protection.Muthoot.Utility.BaseClass.beforeClass(BaseClass.java:103)
... Removed 28 stack frames]]>
    </failure>
  </testcase> <!-- @BeforeClass beforeClass -->
  <testcase name="@BeforeMethod beforeMethod" time="0.0" classname="com.Cogniphy.Protection.Muthoot.TestSuites.Reports_TestSuite">
    <skipped/>
  </testcase> <!-- @BeforeMethod beforeMethod -->
  <testcase name="@AfterMethod afterMethod" time="0.0" classname="com.Cogniphy.Protection.Muthoot.TestSuites.Reports_TestSuite">
    <skipped/>
  </testcase> <!-- @AfterMethod afterMethod -->
  <testcase name="@BeforeMethod beforeMethod" time="0.0" classname="com.Cogniphy.Protection.Muthoot.TestSuites.Reports_TestSuite">
    <skipped/>
  </testcase> <!-- @BeforeMethod beforeMethod -->
  <testcase name="@AfterMethod afterMethod" time="0.0" classname="com.Cogniphy.Protection.Muthoot.TestSuites.Reports_TestSuite">
    <skipped/>
  </testcase> <!-- @AfterMethod afterMethod -->
  <testcase name="@BeforeMethod beforeMethod" time="0.0" classname="com.Cogniphy.Protection.Muthoot.TestSuites.Reports_TestSuite">
    <skipped/>
  </testcase> <!-- @BeforeMethod beforeMethod -->
  <testcase name="@AfterMethod afterMethod" time="0.0" classname="com.Cogniphy.Protection.Muthoot.TestSuites.Reports_TestSuite">
    <skipped/>
  </testcase> <!-- @AfterMethod afterMethod -->
  <testcase name="@BeforeMethod beforeMethod" time="0.0" classname="com.Cogniphy.Protection.Muthoot.TestSuites.Reports_TestSuite">
    <skipped/>
  </testcase> <!-- @BeforeMethod beforeMethod -->
  <testcase name="@AfterMethod afterMethod" time="0.0" classname="com.Cogniphy.Protection.Muthoot.TestSuites.Reports_TestSuite">
    <skipped/>
  </testcase> <!-- @AfterMethod afterMethod -->
  <testcase name="@BeforeMethod beforeMethod" time="0.0" classname="com.Cogniphy.Protection.Muthoot.TestSuites.Reports_TestSuite">
    <skipped/>
  </testcase> <!-- @BeforeMethod beforeMethod -->
  <testcase name="@AfterMethod afterMethod" time="0.0" classname="com.Cogniphy.Protection.Muthoot.TestSuites.Reports_TestSuite">
    <skipped/>
  </testcase> <!-- @AfterMethod afterMethod -->
  <testcase name="@BeforeMethod beforeMethod" time="0.0" classname="com.Cogniphy.Protection.Muthoot.TestSuites.Reports_TestSuite">
    <skipped/>
  </testcase> <!-- @BeforeMethod beforeMethod -->
  <testcase name="@AfterMethod afterMethod" time="0.0" classname="com.Cogniphy.Protection.Muthoot.TestSuites.Reports_TestSuite">
    <skipped/>
  </testcase> <!-- @AfterMethod afterMethod -->
  <testcase name="@BeforeMethod beforeMethod" time="0.0" classname="com.Cogniphy.Protection.Muthoot.TestSuites.Reports_TestSuite">
    <skipped/>
  </testcase> <!-- @BeforeMethod beforeMethod -->
  <testcase name="@AfterMethod afterMethod" time="0.0" classname="com.Cogniphy.Protection.Muthoot.TestSuites.Reports_TestSuite">
    <skipped/>
  </testcase> <!-- @AfterMethod afterMethod -->
  <testcase name="@BeforeMethod beforeMethod" time="0.0" classname="com.Cogniphy.Protection.Muthoot.TestSuites.Reports_TestSuite">
    <skipped/>
  </testcase> <!-- @BeforeMethod beforeMethod -->
  <testcase name="@AfterMethod afterMethod" time="0.0" classname="com.Cogniphy.Protection.Muthoot.TestSuites.Reports_TestSuite">
    <skipped/>
  </testcase> <!-- @AfterMethod afterMethod -->
  <testcase name="@AfterClass toEndTest" time="0.0" classname="com.Cogniphy.Protection.Muthoot.TestSuites.Reports_TestSuite">
    <skipped/>
  </testcase> <!-- @AfterClass toEndTest -->
  <testcase name="@AfterTest afterTest" time="0.0" classname="com.Cogniphy.Protection.Muthoot.TestSuites.Reports_TestSuite">
    <skipped/>
  </testcase> <!-- @AfterTest afterTest -->
  <testcase name="TC_001_Login" time="0.0" classname="com.Cogniphy.Protection.Muthoot.TestSuites.Reports_TestSuite">
    <skipped/>
  </testcase> <!-- TC_001_Login -->
  <testcase name="TC_002_Validate_ERTReported_At_Time_with_Daily_Report" time="0.0" classname="com.Cogniphy.Protection.Muthoot.TestSuites.Reports_TestSuite">
    <skipped/>
  </testcase> <!-- TC_002_Validate_ERTReported_At_Time_with_Daily_Report -->
  <testcase name="TC_003_Validate_No_of_Branches_Visted" time="0.016" classname="com.Cogniphy.Protection.Muthoot.TestSuites.Reports_TestSuite">
    <skipped/>
  </testcase> <!-- TC_003_Validate_No_of_Branches_Visted -->
  <testcase name="TC_004_IncidentRoom_BranchNames_Validation" time="0.0" classname="com.Cogniphy.Protection.Muthoot.TestSuites.Reports_TestSuite">
    <skipped/>
  </testcase> <!-- TC_004_IncidentRoom_BranchNames_Validation -->
  <testcase name="TC_005_ADT_AlarmTime_Vrfction_BN_Summ_ND_IncRoom" time="0.016" classname="com.Cogniphy.Protection.Muthoot.TestSuites.Reports_TestSuite">
    <skipped/>
  </testcase> <!-- TC_005_ADT_AlarmTime_Vrfction_BN_Summ_ND_IncRoom -->
  <testcase name="TC_006_ADT_RecievedTime_Verification" time="0.0" classname="com.Cogniphy.Protection.Muthoot.TestSuites.Reports_TestSuite">
    <skipped/>
  </testcase> <!-- TC_006_ADT_RecievedTime_Verification -->
  <testcase name="TC_007_odoMeter_Reading_Valiadtion" time="0.0" classname="com.Cogniphy.Protection.Muthoot.TestSuites.Reports_TestSuite">
    <skipped/>
  </testcase> <!-- TC_007_odoMeter_Reading_Valiadtion -->
  <testcase name="TC_008_attendanceValidationForeachERT" time="0.0" classname="com.Cogniphy.Protection.Muthoot.TestSuites.Reports_TestSuite">
    <skipped/>
  </testcase> <!-- TC_008_attendanceValidationForeachERT -->
</testsuite> <!-- ReportsResult -->
